Catering:
1: Olive_Garden 4800.00 4.3
2: Neighborhood_Restaurant 4200.00 4.2
DJ:
1: Eds_DJ_Service 3200.00 4.9
2: Valley_Forge_DJ 3500.00 4.8
AA:
1: B 100.00 4.9
2: E 200.00 4.9
3: A 100.00 4.8
4: C 100.00 4.8
5: D 200.00 4.8
DD:
1: G 200.00 5.0
2: F 300.00 5.0
3: B 100.00 4.9
4: E 200.00 4.9
5: A 100.00 4.8
BB:
1: G 200.00 5.0
2: E 200.00 4.9
3: A 100.00 4.8
4: C 100.00 4.8
CC:
1: G 200.00 5.0
2: B 100.00 4.9
3: D 200.00 4.8
EE:
1: G 200.00 5.0
FF:
No Viable Options.
AppleBees:
1: F 100.00 5.0
2: G 100.00 5.0
3: A 100.00 4.9
4: B 100.00 4.9
5: C 100.00 4.9
ABCDE:
1: ABCD 100.00 4.2
