HAND 1
Win!
HAND 1
Byte me!
Nibble me!
Nibble me!
Nibble me!
Lose!
HAND 8
Win!
HAND 10
Win!
HAND 10
Lose!
HAND 10
Byte me!
Bust!
HAND 1
Byte me!
Byte me!
Byte me!
Byte me!
Lose!
HAND 1
Nibble me!
Nibble me!
Nibble me!
Nibble me!
Lose!
HAND 1
Nibble me!
Nibble me!
Nibble me!
Nibble me!
Lose!
HAND 1
Lose!
HAND 1
Win!
HAND 2
Byte me!
Byte me!
Byte me!
Byte me!
Lose!
HAND 2
Lose!
HAND 1
Byte me!
Byte me!
Byte me!
Byte me!
Win!
HAND 1
Byte me!
Byte me!
Byte me!
Byte me!
Bust!
HAND 1
Nibble me!
Nibble me!
Nibble me!
Nibble me!
Win!
HAND 1
Nibble me!
Nibble me!
Nibble me!
Nibble me!
Bust!
