C
     !!!"""##$$$$%%&&&&&&&''(()))***++,,,---..//00012333345899:;;;;;<<<<=>>>>>?????@@BBBBCCDEEEEEFFFFFGHHHHHIJKKKLLMNNNOOPQQQRRRTTUUWWXXYYYZZZZ]]^^^__```aaaabbbcccddddeeeeeeeeeffffffgghiiiiijlmmmmmnooopppqrrrrsttuuvvvwxyyz
  !!!!"""""###$$%%%%&&&''''))))*+++,--......//0011122222223333466667777899999:;<=>????@@@ABBCCCDDFFFGGHHHHIJJKLLLMMMPPPPPQQQQRRRSSTTTWWXXXYYZZ[]]]^^^^__````aabbccccdeefgggghhhiijkkllnnoooopqqqqrrrruuuuvvvvvwxxyyy
!!"""$$$%&&&&''(())**++,,-....../0001123334445666777899::;;<<===>>>@@AAAAAABBCDDEFFFFGGIIJJKKLMMMNNOOOOOPPPQRRRRSSSSSSSTTTTTUUVVWWWXXYYZZZ[[\]^^_``aabdeeegghhijjjjjmmnnooppqqrrrsttuuvwxxxxxz
 $%%%)-..//0333566::;;<ABBCEGGGIIJLOPPQRRTUUUVWZ[[[[]]^^_`aaccfffghhhhhmnpquwyyz
 !!##''+,.12344578;??DILOPQRRRSUUUVYY[`aeghikkmoqqsswwz
    !!"##$$$%%&&''(()))**+++,,,-...///001111112222222223333345556666777788888:::::;;<<==>????@ABCCCCDDDEEEEFGHHHIIIIJJJJKKKKLMMNNNOOOOPQQQQQRRRSSSSUUVVWWWXXYZZZZ[[[\\\\\___aaaabbbbcdeeeffffffhijlllllmmmnnnoppppqrssuuuvvvvxxyyyz
 !""##$$$&&''())))**++,,,,-./0011233566667789;>>?@ABBBCFGHIIIJJJLNNNOOQQRRSTTTTUVWWWXXXYYZZZZ[[\\\\]^^^^__```accehhiikkklmnnnooprrvwyyyzzz
 "##$$%%&&'''''(()+,,,,----./002223455777889999:::;;;======>>>??@@@@@AAAABBBCDDEEEEFFGHHIIIIJKLMMOOPPQQRRSTUUVVVWXXXYYZZZ[[\\]]_```aaabcccddddeffffgjjlopqqqsttuuvwxxxyz
  "###')*,,-02223455789::;===>??@CDDDEFGHJJKKKLMMMNOOPPQRSSSTVVVWXYYZZ[[\\\\]^____`aabcceeefhiiijjjknqrsstttvvwwxxyyy
  !!##$$$'((***+--0023336899<<>?@ABCDDDFGHHHIJJLOPRSTYZZ[\^^^aaabhhmnnnnoqqrttuuvwwxxyyz
 !!""#$$$%&''())*,,-.../122345556788999:;;<<<????ABBCCDDEGIIJJKLLMMMNNOPPQSSTTUUWXYYZ[[\\^^^^``abbbccddeeggiijklmnnooprrrsttuvvvvxyzz
+8<CGVW`tyy
!!"##$%&'(),--./013333348899::;<<>>>@AADFFFGIJJJKMMMMNOPPTUUUXX\]]]__``abccdeggghijkooopqrtxxyy
%&()+,3335799:;<=AACDEFHHILNQRWXXYY[^aaflmppsuy
    !!""""%%&&(((((())))+++,,-..../0012223466777888:;;<=>???????ABBBBCDDDDEEEEEFFFFGGHIIIIIJJKKKKLLMMNNOPPPRRRRRRRSTTUUWWXXYYZ[[\\\\]]^^_`````aabbbbcddefggiiijjjklnnnoppppqqqrtttuuuuvvvvvvwxyyyzz
!"$(((()../113334445556677799==>>?@AACCFGIJJJKLLMMMMMPPQQQQTUU[^_aaabeeefhijjjklnopppqqqstvwxyz
#%%%))*--/02334557889>?BCCDFFIMQQRRSTTUVWYZ[[]]]_````bbcchjlmmopppprrruwy
$%)23667<=>@ACFJLLMVVXY[\bdehinqqruyz
!!!!!"###&&((((**,-...02224466899;<=>?@BDFIJMQRSTXXXZ[[^^__ffghhijmnpqrsuwxxxxyzz
    !!!"""#$$$$$%%&&&&''(((((())****+++++,,,--..////0001112223333344556666677788888889:::<<<==>>>>?@@@AAAABBCEFFGGGHHIIIJJJKKKMMMMMMMNNNNNNNNOPPQRRRRRRSSTTTUUVVVWWXYYZZ[\\\\\]]]^__``aaabbbccddddeeffgghhhhijjklllmmmnnooopppqrrrssttttwwwwxxxyyyzz
 !!"&+,.0367::;>>EFHLOPTVYZ^`bffjklllloooruvv
!!"###%'(()*,,--..//011222234455558899:<<==?@AABBBCDDDEEEEFGGGHIJJKKKKLLMMNNNOOPPPVVVVWXXYYZZZ[[^^__``aaddeefgggikllmnooopprsttttttuvvwwxxyz
!"##$$$%%%())*+,---.///01111222233345556677778999::;<<<====>>>??@@@BBBCCCDDDDEEEFFFFFGHHHHIIJKLMMNNNNOPPQQRSSTTUVVWWWYZZZZ[[[\]]^aaaddeefgghiijlllmmmmmnnnoopqqqqssttuuuwxyyyz
!!!!!"""""$$&&&&'(((((****+,,---...../001111223335555666667777888899999::::;;;<<<<<=====>>>@@@@@AABBBCCCCCCCDDEFFGGGIIIJJJJKKKLLOOOOOPPPQQQRSUUUVVVWWXXYYZZZZ\\]]^____``aabbbbccceeefffgghhhhiikkkllmmnnoopqrrrrrssstuuwwxyyyyz
     !!"####$$%%&&&'((()**+,-.../111333344445558899:::::;<<==>>>???@@AAAABBCCDDEFHIIIIJJLLMQRRRRSSSTTTUVVVWWXZZ[[\\]]]^__aaaabbbcccdeffhhhijjkllmmmnnnoprsssstvwwwyyy
###%&&&'')*+,..//1344555667889====>>?AABDIJKLLMNPPUWWZZZ[__``bbbcdeghijkklpppppsuwy
 "$$%()*+++-./05789::=?@ABCCCDEFGINNOPRSWZ[\__aacegknpppqrtuvwx
  !###$$$$&&''(),-///00002334479:::;<<====????ABBBCCCDDHJJKKLLLLLNOPRSSTTVWWWXYZ[]]^^aeghiikkklllmmnnnpqqrstuuuvvvwxyy
 !!"###$&&'(()***+,,----.///02255566788>>?@BBCCDDDEEFFGGGHHJJKKMMNNNNOSSTUUUUVVVVWWWZZ[\\^^^_`accdeeeehhhhikklmpppqqqrssssttuuvvvxxy
 !!%(*+,.233346678::<?@@ABCDKMMORVWXYZ\`abcccefggiijkllmmopqrssuuw
 !"#%%%&&'()*,---..//////1233334445556889::::;;;<=>???@@AAABBCCDEFGGHHIIIJLLLMMNNOQQQRTUVVWWXZ]]^____aabbcccddeffggiikkmmoooqrstuvvvwwwxxyyyyzz
   """"$$$%%%''''(*++,,,,,,,,----../000000112222233344555566788899::::;;;;;<<<==>AAABBBBBCCDEFGHHHIIJKKLLMNNNOPPQRRRSTTTTTUUUUVVWWWWXXXYYYZZZ[[[\\\\]]]]]]]^^^^^^__````abbcddddeefffghhhiiijjjkkklllmmmnnnoooppqrrrtuuvwwwwyyyzzzz
!"##$$$%&&'''))**+,,,,,,-----....///000011111122234445666689;;<<=>?????ABBBCDDDEFFFGGGHHIIJJKKLLLMMMMOOOPPPPQQRRRRSSSSTUUUUVVWWWXXYYY[[[[\\]]]^``aabbbbceeffffgghhhiijlllllllmmmnopqqrrsuuwzz
$&<AOQR\]jln
  !!!!""#$$%%%&&'''()))**++-..////01333344446778889:;;>>>>??AABCCDDDEFFFGIIIIIJJKLLMOOQQRSSSTTTTUUUVVVWWXXXY[[\]]]^__`aaabccddeefffffgghhhiiijjjkkknoooorttuuvvwwwwxxxxxxyzzz
    ###$$%&&&&'''))**+++,---...////00000012222233334445566777788889;==>>?@@@AACCCDDDEEEEFFGGGGGGGHHHHIIIJJKKKLLLMNOOOPPQQQQRSSTTUUUUVVVWWWXXYYZZZZ[[\\]]]]]_``aabcccccdeeefffghhhiijkkklllnnopppqqrrrrrssttvvvvvvwxxyyz
 "$$%&''()*,-.002334557:;<=????@@ABBCDDFGHJNPQQRTTTUUUVYY^__`aabcdeefffghhhiknnrrrsttuuvwxyyzz
  %%%--.349=AACFGGIJMPRTTTTTUUV\`bfgikkopprstux
 !!!"%&''())**++,,---.../12335578889::;<<<<<==>>>??AABBBDDDEEEGGGHHHJJKKKKKLMMMNOPPPPQQQRRSSUUVWXXXYYYZZZZ\]]^___`aaabbbbceffgghhhhjjjkmnooooprrsuvvvvwwx
!""%&)*++,--134:;<=>??ABCCEFFGHIIJKKKMOOSSWWYYZZ[_`````abbdeghkknqsxy