[8]
[1]
[3, 6]
[30]
[24]
[39]
[3]
[27]
[4]
[15]
[8]
[2]
[31]
[32]
[20]
[11]
[4]
[6]
[30]
[28]
[12]
[14]
[15]
[33]
[2]
[96]
[16]
[2]
[8]
[1]
[66]
[15]
[4]
[30]
[24]
[10]
[0]
[10]
[1]
[46]
[10]
[84]
[11]
[1]
[21]
[57]
[0]
[19]
[14]
[90]
[0]
[1]
[11]
[1]
[13]
[71]
[30]
[5]
[19]
[72]
[41]
[18]
[2]
[13]
[0]
[5]
[1]
[0]
[0]
[18]
[9]
[2]
[66]
[15]
[7]
[1]
[61]
[7]
[21]
[5]
[9]
[4]
[22]
[11]
[5]
[15]
[34]
[5]
[11]
[10]
[21]
[3]
[27]
[81]
[0]
[18]
[1]
[54]
[4]
[21]
[1]
[81]
[50]
[14]
[71]
[15]
[43]
[11]
[48]
[60]
[16]
[5]
[48]
[40]
[22]
[27]
[33]
[7]
[35]
[17]
[2]
[27]
[55]
[23]
[14]
[0]
[22]
[33]
[6]
[1]
[17]
[13]
[17]
[22]
[29]
[18]
[1]
[27]
[10]
[17]
[21]
[2]
[13]
[72]
[15]
[10]
[32]
[26]
[24]
[48]
[2]
[4]
[81]
[39]
[1]
[27]
[12]
[73]
[33]
[19]
[11]
[24]
[78]
[3]
[37]
[57]
[2]
[63]
[46]
[56]
[20]
[1]
[4]
[55]
[6]
[19]
[9]
[5]
[3]
[12]
[12]
[38]
[32]
[25]
[13]
[4]
[27]
[5]
[35]
[31]
[2]
[66]
[11]
[15]
[6]
[18]
[5]
[12]
[4]
[2]
[5]
[35]
[5]
[17]
[41]
[22]
[9]
[44]
[20]
[30]
[6]
[60]
[22]
[32]
[0]
[59]
[41]
[65]
[6]
[11]
[7]
[75]
[9]
[5]
[2]
[10]
[28]
[81]
[15]
[57]
[25]
[10]
[55]
[0]
[12]
[35]
[38]
[16]
[57]
[0]
[63]
[26]
[3]
[3]
[20]
[12]
[11]
[10]
[17]
[39]
[12]
[13]
[46]
[23]
[72]
[20]
[23]
[0]
[64]
[36]
[1]
[3]
[18]
[1]
[39]
[57]
[64]
[13]
[61]
[58]
[40]
[18]
[23]
[5]
[30]
[43]
[15]
[25]
[2]
[21]
[50]
[49]
[3]
[64]
[27]
[2, 4]
[23]
[3]
[0]
[45]
[77]
[22]
[79]
[26]
[6]
[38]
[25]
[84]
[2]
[38]
[12]
[13]
[64]
[3]
[5]
[7]
[0]
[25]
[22]
[13]
[35]
[14]
[1]
[3]
[5]
[6]
[0]
[17]
[10]
[30]
[47]
[36]
[24]
[4]
[43]
[10]
[3]
[55]
[14]
[13]
[1]
[84]
[24]
[3]
[28]
[28]
[1]
[1]
[27]
[0]
[59]
[8]
[2]
[50]
[27]
[38]
[11]
[12]
[67]
[7]
[1]
[10]
[10]
[11]
[67]
[3]
[46]
[48]
[4]
[6]
[69]
[0]
[19]
[39]
[73]
[11]
[0]
[6]
[25]
[8]
[48]
[12]
[15]
[2]
[48]
[61]
[11]
[7]
[0]
[42]
[79]
[14]
[42]
[10]
[16]
[7]
[1]
[53]
[11]
[14]
[9]
[35]
[5]
[39]
[35]
[25]
[8]
[42]
[1]
[88]
[4]
[47]
[28]