63135296
14964586
68101733
83363092
47527418
61428627
61796856
94984325
13114844
56690535
56634933
26615557
59666068
44763229
2002
16888255
29749282
24698105
61857267
15263773
91993340
17617823
87962698
89629540
26508620
79679833
14897236
49678284
2096707
97030385
30900034
58991248
18430604
29869505
93596376
65864388
65086969
53473066
18009887
70520593
44621350
0
74079978
18357975
71851619
57772634
49538620
76065297
34562
43961092
50672420
40145512
3323573
44665654
34353772
45803217
8935577
85516484
32403491
32551674
46260077
44823506
18283028
37730024
30083418
20528241
81627642
25698729
65067059
12381842
65494133
11175689
20044107
1214187
62699355
5388184
35468269
53716527
35941714
96128969
2741090
20120436
46780079
14987916
74425987
41643804
83460184
95955951
78819649
8785207
47799808
75295122
46589159
46376623
48445886
21150686
74109623
58704839
60412376
22719912
