10.65
10.54
136.31
11.32
25.25
10.49
3.64
23.35
23.58
12.91
40.73
15.98
10.00
28.34
17.88
11.01
7.02
4.99
9.89
18.30
3.89
4.94
18.99
4.07
10.40
7.20
2.32
10.92
11.10
8.98
7.45
8.71
15.47
2.94
0.68
14.35
54.85
47.28
8.85
3.14
19.24
6.10
9.45
30.39
21.01
12.01
10.71
17.18
18.76
10.31
11.86
20.95
19.07
3.78
23.56
6.73
4.41
8.73
8.86
8.23
9.80
12.17
9.50
13.27
10.27
8.52
5.00
25.89
10.40
10.80
44.75
8.61
16.84
5.68
10.19
7.29
8.71
11.63
9.54
10.78
15.80
5.90
11.68
14.52
10.00
28.27
11.25
39.53
11.19
44.93
33.80
1.75
3.41
2.17
23.52
11.69
13.20
46.98
20.34
12.72
15.21
12.76
4.43