819
1757
1328
4048
990
69
4140
676
837
1422
2832
86
2898
1500
2128
1260
896
5590
610
1152
544
2480
3376
2367
1916
1488
725
5193
2710
372
7020
1986
1276
1770
398
2632
3645
2290
2964
1161
731
7440
2448
2965
4624
2328
104
3140
2052
600
960
48
2228
2030
944
3848
760
240
2430
3087
1092
2150
5048
3600
5103
4734
984
670
2181
4578
6110
2944
4944
2634
4683
2032
132
5607
3445
768
1269
664
1263
20
2889
830
404
408
1603
2952
3563
5384
775
3465
1250
1224
510
644
780
1450
3890
1090
644
3906
2844
0
522
4590
632
1492
1090
1701
1268
340
1480
1448
210
695
546
711
3668
1251
2480
1845
3702
141
2272
520
3504
651
2259
1125
2982
294
1102
3684
612
888
237
1218
210
6680
696
435
6450
5096
3885
2088
567
960
2860
144
2373
538
474
900
792
3045
3810
4374
3784
2076
6624
1488
3865
6420
765
230
1316
2950
968
798
2536
292
7101
2092
1872
390
2304
2245
510
502
2312
4368
1512
436
754
1160
6850
0
4216
1816
545
1026
42
1160
32
302
5408
6010
1407
4800
1792
2394
72
1920
7434
5621
0
3870
4788
8270
3216
538
102
1255
1500
5274
1032
0
440
1312
3495
1708
1165
456
4832
3708
4440
912
4728
4128
3145
2025
6399
3073
720
379
6608
504
2690
1905
2232
798
581
2364
6740
684
4624
6690
931
4806
815
1024
1988
464
904
1341
5391
3320
102
700
557
4160
992
1608
1080
1216
2422
732
5608
1824
3208
390
5192
972
1568
1148
1788
2157
616
2988
120
2272
4392
522
1265
3294
799
3157
22
246
3664
559
133
581
0
2910
2313
1083
2530
517
234
3346
1239
3570
359
1750
144
1048
524
146
2097
80
1062
0
1557
1161
3200
4833
1928
5553
0
3290
3528
1210
1926
1401
5751
5080
2664
705
1776
2200
48
5138
3762
3960
2230
7074
2748
7120
2385
5690
144
1238
2116
618
6120
3020
320
246
1800
765
1374
2828
774
1306
93
588
3685
2637
278
1996
491
5931
808
551
1257
5744
2184
865
5010
2884
1383
104
2870
666
2376
74
3094
3180
3624
2595
3100
1440
552
142
256
5551
24
3616
5070
2256
1788
3630
4460
1690
2025
4606
704
610
4312
2370
1752
1218
379
1600
1230
2784
2710
1680
2020
165
349
314
362
486
2307
2964
876
4455
4692
2704
2160
2448
2600
1255
2004
2286
5490
3648
5660
1158
1548
5222
1380
1869
1740
1998
2364
1047
2104
298
1197
5715
2088
4795
6408
728
1280
2240
2610
5166
260
5984
3400
1605
1211
5616
352
890
1659
5796
2884
692
712
3378
1992
560
350
945
2135
6912
5424
1320
3552
1272
4004
4104
2286
3056
3550
576
34
4970
3472
75
56
2312
5256
3987
461
384
5949
8580
355
333
2090
682
1200
3564
1920
128
560
592
1190
7240
4248
4655
84
2820
3310
2121
585
2527
3250
1575
928
1197
1578
1318
2346
4014
368
136
3605
6588
0
1380
2195
280
1310
1385
4396
1342
210
2760
897
350
535
1392
2280
0
3000
308
100
1855
2916
3000
352
727
144
3627
5808
2935
3920
2208
1626
5070
5454
731
1535
5472
378
3260
886
572
2450
5467
2013
828
2990
2988
2108
2268
412
148
3975
1002
5278
336
4820
5121
972
3155
203
359
894
2160
5770
1972
1566
546
602
3816
33
4543
2965
1167
625
5280
468
4620
6705
5150
2905
2073
3530
2952
5110
5313
1962
676
27
2628
442
249
2570
1280
575
2367
8340
1040
4655
510
1404
2110
626
3705
469
2320
696
4476
3675
0
7830
1884
1887
786
3857
721
3834
728
5369
3168
1368
4784
140
345
111
6183
4347
1696
2002
1773
2720
1578
1664
1264
3285
2282
6552
770
3515
4830
707
1932
376
283
1660
2055
2055
462
2625
2394
3435
2148
280
6144
4904
678
188
3892
582
2260
2890
170
1984
4680
5085
3240
6669
776
1332
174
2845
352
5560
7330
573
732
1268
1610
6450
360
3094
6112
2121
1599
800
4044
1020
1026
2352
2196
354
2304
288
8140
756
1494
3388
3280
3530
7100
5112
82
760
3096
792
6420
482
5257
16
1960
2597
2700
5260
2478
962
1377
3408
2175
4260
6144
108
90
3766
640
1203
474
1144
3744
424
1136
1761
4928
548
48
1224
2316
3144
3160
4860
4640
7263
3507
620
4068
1884
117
470
180
2166
2024
3960
66
2430
1290
4518
1869
1645
2948
690
2292
3060
5632
3865
5931
511
525
3620
1626
4592
1000
2001
4844
1730
2470
3965
691
7480
48
604
2268
406
4192
952
6129
1340
3786
714
1764
348
546
945
6129
2256
582
3800
398
3560
5290
2776
282
180
3678
176
6080
3070
562
2790
731
3584
1449
3822
3700
1164
5560
7506
6050
5661
1968
626
2255
290
1042
2484
7910
1285
846
2485
5512
5661
2964
2655
192
5313
950
1420
2236
2240
750
4690
1208
1698
1344
3213
333
1269
666
5360
819
2220
1055
4640
2625
2464
423
556
0
4220
944
1122
3820
579
1647
4072
5166
6120
1656
1242
305
5320
2848
2664
456
4320
160
2358
322
1041
4050
2696
2725
2952
6408
588
4725
260
3744
1600
2170
99
2752
751
620
3808
494
5427
1872
6237
3080
1440
3984
1106
2416
168
3156
3030
2313
492
3801
996
4005
117
510
1710
7990
477
4712
519
672
1200
815
771
0
2652
2184
1729
1059
582
670
1089
6930
1275
7690
292
6984
2259
4944
1647
3744
356
1152
583
4382
528
1149
2034
6970
261
6831
196
236
4501
4840
1329
314
2982
3105
2090
820
3090
4736
806
2480
5370
5928
95
2086
2349
734
1647
4384
2230
2868
6810
2241
