32 turns into JQQYY
342 turns into BGJ
129 turns into GJK
2324 turns into FVBGZJYY
231 turns into BQQK
213 turns into GZZJQQK
34 turns into JQQKY
5 turns into KYY
623 turns into BBGZZQKYY
678 turns into VJQQ
2785 turns into FFGZZQQY
231 turns into BQQK
1295 turns into VBBGZZJQQKYY
2300 turns into FVBGJQQYY
1 turns into Y
0 turns into A
3887 turns into FFVBBGZZJQQKYY
216 turns into B
3886 turns into FFVBBGZZJQQKY
2290 turns into FVBGJKY
1082 turns into VBBYY
2394 turns into FVBBJ
89 turns into ZZQQKYY
500 turns into BBZJQQYY
1000 turns into VBGJQKY