3801
15773
4172
7435
4745
6823
6580
4960
3239
19401
796
5689
2308
4173
7934
3630
5159
6084
4855
5876
2231
6322
5805
6283
3550
6594
4055
7263
6844
4103
3390
5845
8517
9047
6740
3283
2107
11743
6498
2904
5929
2545
1710
5746
4043
4371
26947
5406
2638
3333
8906
4763
5722
5043
3084
2490
6042
1799
3402
5187
2395
2592
4993
4241
4442
4173
4698
3208
3662
8792
7903
4999
2714
3101
2463
4085
6379
3910
4468
7188
2597
4487
5658
5492
4374
5102
3751
3955
5059
2806
18304
16600
3581
3408
6956
3897
5687
1132
3494
2211