11179.76
11061.93
143131.76
11885.06
26510.69
11013.28
3821.41
24522.01
24756.31
13556.99
42764.57
16780.24
10495.22
29756.62
18775.23
11559.89
7367.73
5239.73
10385.65
19217.39
4079.83
5188.29
19935.45
4276.01
10917.93
7557.55
2436.66
11470.48
11650.84
9424.65
7821.00
9142.96
16239.09
3086.79
715.09
15067.89
57588.81
49646.89
9287.48
3296.36
20204.22
6404.14
9920.19
31905.16
22056.41
12613.60
11246.42
18038.26
19699.72
10824.18
12458.17
22003.10
20023.61
3968.55
24736.16
7069.99
4628.06
9164.86
9301.57
8646.00
10289.78
12775.02
9973.77
13938.04
10786.34
8944.17
5247.81
27181.03
10922.25
11338.09
46991.51
9036.47
17678.60
5967.16
10695.74
7656.84
9140.76
12206.77
10015.21
11314.62
16590.66
6191.62
12268.73
15241.19
10496.61
29679.42
11808.01
41512.13
11749.47
47179.35
35488.89
1833.26
3581.09
2278.98
24697.30
12274.97
13859.31
49327.44
21361.59
13357.93
15973.47
13394.92
4653.68