Most WANTED:
1. Steven
2. Ayaan
3. Jared
4. Simon
5. Sam
6. Braden
7. Bowen
8. Troy
9. Henry
10. Prat
11. Nikhil
----------
Most WANTED:
1. TyreekHill
2. KadariusToney
3. JoeMixon
4. SauceGardner
5. JaylenWaddle
6. DeVontaSmith
7. LamarJackson
8. CJStroud
----------
Most WANTED:
1. TravisScott
2. ArianaGrande
3. KanyeWest
4. BrentFaiyaz
5. Laufey
6. BrunoMars
7. EllaMai
8. NewJeans
9. AaronMay
10. DominicFike
11. KaliUchis
12. IsaiahRashad
13. TaylorSwift
----------
Most WANTED:
1. KingDiddy
2. UnderDiddy
3. CaptainDiddy
4. DiddyOp
5. DiddyAff
----------
Most WANTED:
1. CrimeDiddy2
2. CrimeDiddy
----------
Most WANTED:
1. StrongDiddy
2. StrongDiddy2
----------
Most WANTED:
1. CaughtDiddy
2. CaughtDiddy2
----------
Most WANTED:
1. HappyBDayDiddy
2. HappyBDayDiddy2
----------
Most WANTED:
1. Steven
2. CrimeDiddy
3. StrongDiddy
4. CaughtDiddy
5. HappyBDayDiddy
6. BetterNameDiddy
7. NormyDiddy
8. AffDiddy
9. Nikhil
----------