914163252529637798881025019167268717918746
22850593529215792259964458342380955946880742147246985619882505768676299608710531090054965077765294708132093455884447375489644797821026497938
1375854566031423347073063576029644654557751196070580324401828402831089068332941443258628677042176
303467087945366731590134505676925966716511
64929589831256
437569563208307191767796785809177683609348772541740722456078337064289168459021658885952107678710482884423619729
4974
111159419365842289282913515472213465521852013668836412372956563374
1315071886628323834684049120985471159649354281018005772944795814811129
4963608617944918181428679924706605506341271472266715087241216
3173347864831048567494800476888925474693803217634051970433178
3577616170925622855345286929137167023195295828023147506710938527219825529360973715302594055733481785608793238511084657787586524150415
13745721932068853668872024076999107337217114112
7738355805796841535396820356931710391017583602935359851872417534792702
5187282882202
6
432784191206506509507005615944818617636041029377630144270123781990440414612310859493733871452761212068
6842200846550254755097578173203539708151101911218618
5941785734234580155487579120254605174384659172910314280379354825577268570418681120212598947284559955526605
568
19058248882050184005295495841204706825518339259712293
59369020392785801165247207629587354673239482162567461747300004210878513864222863384540994863691372431364951223141884388
288027607231
3776613540519612454898571062454726042230524152207224967498887681031090716995910668515
10689107506064634924423560430527255471584
26205252382443564202808336950882907329838313089762088547038424799810561463804961902172083068540403399329928474
116741446195279078628053382791335881633270131715832481723779676398836856930282974584939114053628368372944886748404030500135265750611474251776
259086211510674193532007761260413141420504865794236946227452555167789429852939
151296914269081685901957184097571302596718090703718896314018460612892566581646735062081091813502365411336573225931623528175304412792470630301696
10156728252682276880203325465322582798644166245084345948014496719088569262366274929323356323614960072214873848326211981127825627
524027068967664255
3584983586141845996927695564675481275164879548
316477190591563218896333804571323919016830509686595909355608467062652721716309753645879001848541829832349699677167765791778011885656886749
24360214019854055874910089721249448010938520755389650891281217476066184185751199350230697251000078
2041319852872926427681027883594458098401313049104988081335829
2391333529083508539238603942216899283343793444479591981146175636443767382656846790636
574420189172317892594524275714692488710476068850332268606396123515938122192013500099408367591598506522786115124248148199986373068918
1949907264783763246985634319769904555779125844771230618483316897436350720426504313008260596
581860150304170835931163156840743788679984745247312222153085863265583093870037547513590363369444963918914289820901
74997672855651019440233297900549818259907942218564192866082002659470906317202476246416647447700261924458670727163545
53676499631676785539267818813715881738951109479210166846762023350787120
2240461671810942750674520806440527505271411901484756075250589733777
82094824567172847844821155002993177019176168028554759951611168707557801070228
71396065678581616676094831463212383912262136244568526362196239750781738
2930961252810294736951821208740003485439457391658772591865065
841624247138137849307868935
546551985625646092462153853268231960976897091266017
27136863310814336498243412853906844643446550257590
178689910246017054531432477289437798228285773001601743140683776
130600394436087774324499207587
231862448250224312198799239949381027554057943
2931938169262135522369907256031980919599607170054662895375906114383200852085615804670611155512470426999536150347160568584195733
0
492534069091280207443117943298409230278554887175274496
750701828513843917765721433575427726662
12858439922530600249420340347054445868653953776152641539683853115411413754322208560526886736622475010367177636514124937228
290304591586163236772802746877818228
1679408929430001532315272255860432373230845208494628439227776591690073034
2900363380223248278680600406338496999219106180260838995508595531710366960582656
1161455330666792721949671586058769458732699929729697549409905717990217140404224
6586181586978199551559178053859743262138995176771560191858019814689770352073129907617
3761479876608
44716976551907349825
5865485255186594269100955245179011422061991941143000330344636875227274449208855626523627517916645
3764279555362552226958358980722393354460442137829839223132074368236832456114264116931035054600371027893320
1224484389337684880612828505486362268871463080837085066150044953564765823908459298257902643933548852879972640934017640388722351852777833914363
10353304
426135228
533299664780545816177046280604792943929467172819134888787540544838715285038916882661376
157213265146072592725373557782890515562099082496348901759074271505726631466754367566538715487317462065151020917791934076
78569553256872056932654616743588390419286924085688236777210224129386310010186292281627038530
2578955008743562448698448032177394078992039103916134889
3838593880448683821713073915849425006448794540495198612802311919285100198024277158
1423738240814274536107422138284524131315606331732724611545838832473474521948377
398576316372611092154567839479142824942019930323362690161397004462076201701966705555588639549566603717271171999643998296958
3480684820012826919630653259731006129594939599613094877949825477850240661196874367958362946011895273015
10443570656699259600525850194933542980
79487255538826765184076497868900918871134088568185078735569543139706052577
51845691483292653415065046662990445292479461807923631
3753261516051925110212621617519800721234250633868071043074192271053139690402616209649534273843504641619884476221837400338710961632313344
3979330554973200442195968
509451967539380774443250084065465505555638729
3622513022278744144010
2188837463451215743267196096806201665333025558
56594923448507739622342656
2981891275551980525770407515654
4041083293722309236091404321037969824221446942310243167221328750581905872419550563857358075877554070651556360
99817289076002776681528794439849
255456798803678517931658935452929989
8245451978626861025867336164662556976821987346144010854833913189979962504470504775513415808700323073809234759675290883
1500789372297495485222250039705900087140118286174202067744672411651374598141962042440730097247247159026208246179124913753797764239065799
21255022636034701375568316739543686312
136269733878780183400992496043511249852237012617202961962119221171019311530460204495063365406841547925773370190028283192695420957710
57994627471928
33192024767569522232215123058378185263280176318292682596305033092998
3821818238976175964091843266749012929327086655751612012227301118975247412035948453496190769
24437957469379924874861177338753309383092487635791582231984602636981575530759098
129656346748318446219590324446789786184688188743330791391816535519526912
8653794345803239444302396737639757986376832652937956773073249010024638777118883013950890040014780308
36882685483930361915279561306653333599821486481620639550139154379206612626789748750007655887472833569
