551255
311958
130739
380732
543570
326754
482111
545635
231586
271364
42478
140871
18065
473440
42761
502222
336975
210007
587605
140765
277585
522356
588995
622647
294550
82846
108775
36282
524301
457758
219795
239608
604186
232642
187090
164629
323048
42167
89818
486931
617754
217820
297717
362055
246579
130733
564665
652813
336809
144522
540684
192889
286311
381801
293862
658539
543174
224874
448972
191628
516356
209052
226575
613494
278752
659109
324701
428598
580048
215092
144664
268337
370598
195161
154965
555598
391335
562865
319456
560298
162980
631351
248066
442174
127681
45999
207040
34015
422133
578645
105859
585680
457559
344380
28152
369950
334395
290030
245801
589370
