The Empire Did Nothing Wrong!
The Empire Loves the Citizens of Tatooine!
The Empire Did Nothing Wrong!
The Empire Loves the Citizens of Tatooine!
The Empire Did Nothing Wrong!
The Empire Loves the Citizens of Tatooine!

The Empire Loves and Protects its Citizens!
The Empire Loves the Citizens of Bespin!
The Empire Loves and Protects its Citizens!
The Empire Loves the Citizens of Bespin!
The Empire Loves and Protects its Citizens!
The Empire Loves the Citizens of Bespin!
The Empire Loves and Protects its Citizens!
The Empire Loves the Citizens of Bespin!
The Empire Loves and Protects its Citizens!
The Empire Loves the Citizens of Bespin!

The Empire is Such a Big Fan of Comp Sci!
The Empire Loves the Citizens of Earth!
The Empire is Such a Big Fan of Comp Sci!
The Empire Loves the Citizens of Earth!
The Empire is Such a Big Fan of Comp Sci!
The Empire Loves the Citizens of Earth!
The Empire is Such a Big Fan of Comp Sci!
The Empire Loves the Citizens of Earth!
The Empire is Such a Big Fan of Comp Sci!
The Empire Loves the Citizens of Earth!
The Empire is Such a Big Fan of Comp Sci!
The Empire Loves the Citizens of Earth!
The Empire is Such a Big Fan of Comp Sci!
The Empire Loves the Citizens of Earth!
The Empire is Such a Big Fan of Comp Sci!
The Empire Loves the Citizens of Earth!
The Empire is Such a Big Fan of Comp Sci!
The Empire Loves the Citizens of Earth!
The Empire is Such a Big Fan of Comp Sci!
The Empire Loves the Citizens of Earth!

Guess What? This Planet's About to go Boom!
The Empire Loves the Citizens of Andorra!
Guess What? This Planet's About to go Boom!
The Empire Loves the Citizens of Andorra!
Guess What? This Planet's About to go Boom!
The Empire Loves the Citizens of Andorra!
Guess What? This Planet's About to go Boom!
The Empire Loves the Citizens of Andorra!
Guess What? This Planet's About to go Boom!
The Empire Loves the Citizens of Andorra!
Guess What? This Planet's About to go Boom!
The Empire Loves the Citizens of Andorra!
Guess What? This Planet's About to go Boom!
The Empire Loves the Citizens of Andorra!
Guess What? This Planet's About to go Boom!
The Empire Loves the Citizens of Andorra!
Guess What? This Planet's About to go Boom!
The Empire Loves the Citizens of Andorra!
Guess What? This Planet's About to go Boom!
The Empire Loves the Citizens of Andorra!
Guess What? This Planet's About to go Boom!
The Empire Loves the Citizens of Andorra!
Guess What? This Planet's About to go Boom!
The Empire Loves the Citizens of Andorra!
Guess What? This Planet's About to go Boom!
The Empire Loves the Citizens of Andorra!
Guess What? This Planet's About to go Boom!
The Empire Loves the Citizens of Andorra!
Guess What? This Planet's About to go Boom!
The Empire Loves the Citizens of Andorra!
Guess What? This Planet's About to go Boom!
The Empire Loves the Citizens of Andorra!
Guess What? This Planet's About to go Boom!
The Empire Loves the Citizens of Andorra!
Guess What? This Planet's About to go Boom!
The Empire Loves the Citizens of Andorra!
Guess What? This Planet's About to go Boom!
The Empire Loves the Citizens of Andorra!
Guess What? This Planet's About to go Boom!
The Empire Loves the Citizens of Andorra!
Guess What? This Planet's About to go Boom!
The Empire Loves the Citizens of Andorra!
Guess What? This Planet's About to go Boom!
The Empire Loves the Citizens of Andorra!
Guess What? This Planet's About to go Boom!
The Empire Loves the Citizens of Andorra!
Guess What? This Planet's About to go Boom!
The Empire Loves the Citizens of Andorra!
Guess What? This Planet's About to go Boom!
The Empire Loves the Citizens of Andorra!
Guess What? This Planet's About to go Boom!
The Empire Loves the Citizens of Andorra!
Guess What? This Planet's About to go Boom!
The Empire Loves the Citizens of Andorra!
Guess What? This Planet's About to go Boom!
The Empire Loves the Citizens of Andorra!
Guess What? This Planet's About to go Boom!
The Empire Loves the Citizens of Andorra!
Guess What? This Planet's About to go Boom!
The Empire Loves the Citizens of Andorra!
Guess What? This Planet's About to go Boom!
The Empire Loves the Citizens of Andorra!
Guess What? This Planet's About to go Boom!
The Empire Loves the Citizens of Andorra!


Oh NO! All the Floor is GAS!
The Empire Loves the Citizens of Jupiter!
Oh NO! All the Floor is GAS!
The Empire Loves the Citizens of Jupiter!
Oh NO! All the Floor is GAS!
The Empire Loves the Citizens of Jupiter!
Oh NO! All the Floor is GAS!
The Empire Loves the Citizens of Jupiter!
Oh NO! All the Floor is GAS!
The Empire Loves the Citizens of Jupiter!
Oh NO! All the Floor is GAS!
The Empire Loves the Citizens of Jupiter!
Oh NO! All the Floor is GAS!
The Empire Loves the Citizens of Jupiter!
Oh NO! All the Floor is GAS!
The Empire Loves the Citizens of Jupiter!
Oh NO! All the Floor is GAS!
The Empire Loves the Citizens of Jupiter!
Oh NO! All the Floor is GAS!
The Empire Loves the Citizens of Jupiter!
Oh NO! All the Floor is GAS!
The Empire Loves the Citizens of Jupiter!
Oh NO! All the Floor is GAS!
The Empire Loves the Citizens of Jupiter!
Oh NO! All the Floor is GAS!
The Empire Loves the Citizens of Jupiter!
Oh NO! All the Floor is GAS!
The Empire Loves the Citizens of Jupiter!
Oh NO! All the Floor is GAS!
The Empire Loves the Citizens of Jupiter!
Oh NO! All the Floor is GAS!
The Empire Loves the Citizens of Jupiter!
Oh NO! All the Floor is GAS!
The Empire Loves the Citizens of Jupiter!
Oh NO! All the Floor is GAS!
The Empire Loves the Citizens of Jupiter!
Oh NO! All the Floor is GAS!
The Empire Loves the Citizens of Jupiter!
Oh NO! All the Floor is GAS!
The Empire Loves the Citizens of Jupiter!
Oh NO! All the Floor is GAS!
The Empire Loves the Citizens of Jupiter!
Oh NO! All the Floor is GAS!
The Empire Loves the Citizens of Jupiter!
Oh NO! All the Floor is GAS!
The Empire Loves the Citizens of Jupiter!
Oh NO! All the Floor is GAS!
The Empire Loves the Citizens of Jupiter!
Oh NO! All the Floor is GAS!
The Empire Loves the Citizens of Jupiter!
Oh NO! All the Floor is GAS!
The Empire Loves the Citizens of Jupiter!
Oh NO! All the Floor is GAS!
The Empire Loves the Citizens of Jupiter!
Oh NO! All the Floor is GAS!
The Empire Loves the Citizens of Jupiter!
Oh NO! All the Floor is GAS!
The Empire Loves the Citizens of Jupiter!
Oh NO! All the Floor is GAS!
The Empire Loves the Citizens of Jupiter!
Oh NO! All the Floor is GAS!
The Empire Loves the Citizens of Jupiter!
Oh NO! All the Floor is GAS!
The Empire Loves the Citizens of Jupiter!
Oh NO! All the Floor is GAS!
The Empire Loves the Citizens of Jupiter!
Oh NO! All the Floor is GAS!
The Empire Loves the Citizens of Jupiter!
Oh NO! All the Floor is GAS!
The Empire Loves the Citizens of Jupiter!
Oh NO! All the Floor is GAS!
The Empire Loves the Citizens of Jupiter!
Oh NO! All the Floor is GAS!
The Empire Loves the Citizens of Jupiter!
Oh NO! All the Floor is GAS!
The Empire Loves the Citizens of Jupiter!
Oh NO! All the Floor is GAS!
The Empire Loves the Citizens of Jupiter!
Oh NO! All the Floor is GAS!
The Empire Loves the Citizens of Jupiter!
Oh NO! All the Floor is GAS!
The Empire Loves the Citizens of Jupiter!
Oh NO! All the Floor is GAS!
The Empire Loves the Citizens of Jupiter!
Oh NO! All the Floor is GAS!
The Empire Loves the Citizens of Jupiter!
Oh NO! All the Floor is GAS!
The Empire Loves the Citizens of Jupiter!
Oh NO! All the Floor is GAS!
The Empire Loves the Citizens of Jupiter!
Oh NO! All the Floor is GAS!
The Empire Loves the Citizens of Jupiter!
Oh NO! All the Floor is GAS!
The Empire Loves the Citizens of Jupiter!
Oh NO! All the Floor is GAS!
The Empire Loves the Citizens of Jupiter!
Oh NO! All the Floor is GAS!
The Empire Loves the Citizens of Jupiter!
Oh NO! All the Floor is GAS!
The Empire Loves the Citizens of Jupiter!
Oh NO! All the Floor is GAS!
The Empire Loves the Citizens of Jupiter!
Oh NO! All the Floor is GAS!
The Empire Loves the Citizens of Jupiter!
Oh NO! All the Floor is GAS!
The Empire Loves the Citizens of Jupiter!
Oh NO! All the Floor is GAS!
The Empire Loves the Citizens of Jupiter!
Oh NO! All the Floor is GAS!
The Empire Loves the Citizens of Jupiter!
Oh NO! All the Floor is GAS!
The Empire Loves the Citizens of Jupiter!
Oh NO! All the Floor is GAS!
The Empire Loves the Citizens of Jupiter!
Oh NO! All the Floor is GAS!
The Empire Loves the Citizens of Jupiter!
Oh NO! All the Floor is GAS!
The Empire Loves the Citizens of Jupiter!
Oh NO! All the Floor is GAS!
The Empire Loves the Citizens of Jupiter!
Oh NO! All the Floor is GAS!
The Empire Loves the Citizens of Jupiter!
Oh NO! All the Floor is GAS!
The Empire Loves the Citizens of Jupiter!
Oh NO! All the Floor is GAS!
The Empire Loves the Citizens of Jupiter!
Oh NO! All the Floor is GAS!
The Empire Loves the Citizens of Jupiter!
Oh NO! All the Floor is GAS!
The Empire Loves the Citizens of Jupiter!
Oh NO! All the Floor is GAS!
The Empire Loves the Citizens of Jupiter!
Oh NO! All the Floor is GAS!
The Empire Loves the Citizens of Jupiter!
Oh NO! All the Floor is GAS!
The Empire Loves the Citizens of Jupiter!
Oh NO! All the Floor is GAS!
The Empire Loves the Citizens of Jupiter!
Oh NO! All the Floor is GAS!
The Empire Loves the Citizens of Jupiter!
Oh NO! All the Floor is GAS!
The Empire Loves the Citizens of Jupiter!
Oh NO! All the Floor is GAS!
The Empire Loves the Citizens of Jupiter!
Oh NO! All the Floor is GAS!
The Empire Loves the Citizens of Jupiter!
Oh NO! All the Floor is GAS!
The Empire Loves the Citizens of Jupiter!
Oh NO! All the Floor is GAS!
The Empire Loves the Citizens of Jupiter!
Oh NO! All the Floor is GAS!
The Empire Loves the Citizens of Jupiter!
Oh NO! All the Floor is GAS!
The Empire Loves the Citizens of Jupiter!
Oh NO! All the Floor is GAS!
The Empire Loves the Citizens of Jupiter!
Oh NO! All the Floor is GAS!
The Empire Loves the Citizens of Jupiter!
Oh NO! All the Floor is GAS!
The Empire Loves the Citizens of Jupiter!
Oh NO! All the Floor is GAS!
The Empire Loves the Citizens of Jupiter!
Oh NO! All the Floor is GAS!
The Empire Loves the Citizens of Jupiter!
Oh NO! All the Floor is GAS!
The Empire Loves the Citizens of Jupiter!
Oh NO! All the Floor is GAS!
The Empire Loves the Citizens of Jupiter!
Oh NO! All the Floor is GAS!
The Empire Loves the Citizens of Jupiter!
Oh NO! All the Floor is GAS!
The Empire Loves the Citizens of Jupiter!
Oh NO! All the Floor is GAS!
The Empire Loves the Citizens of Jupiter!
Oh NO! All the Floor is GAS!
The Empire Loves the Citizens of Jupiter!
Oh NO! All the Floor is GAS!
The Empire Loves the Citizens of Jupiter!
Oh NO! All the Floor is GAS!
The Empire Loves the Citizens of Jupiter!
Oh NO! All the Floor is GAS!
The Empire Loves the Citizens of Jupiter!
Oh NO! All the Floor is GAS!
The Empire Loves the Citizens of Jupiter!
Oh NO! All the Floor is GAS!
The Empire Loves the Citizens of Jupiter!
Oh NO! All the Floor is GAS!
The Empire Loves the Citizens of Jupiter!
Oh NO! All the Floor is GAS!
The Empire Loves the Citizens of Jupiter!
Oh NO! All the Floor is GAS!
The Empire Loves the Citizens of Jupiter!
Oh NO! All the Floor is GAS!
The Empire Loves the Citizens of Jupiter!
Oh NO! All the Floor is GAS!
The Empire Loves the Citizens of Jupiter!
Oh NO! All the Floor is GAS!
The Empire Loves the Citizens of Jupiter!
Oh NO! All the Floor is GAS!
The Empire Loves the Citizens of Jupiter!
