                                +;;;++++++++++                                   
                        ;;+++++++xxxxxxxxxxxxxxxxx++++                           
                     +;+++++xxxxxxxxxxxXXXXXXXXXxxxxxxxx+                        
                   ;+++xxxxxxxxxxxxxxxxxxXXXXXXXXxXXXXXxx+++                     
                  ;++xxXXXXxXxxxx+;;+;;+xXxXXXXXXXXXXXXXXXx++                    
                ;xx++XXXXXXXXXxxx+;;+;;+xXxxxXXXXXXXXXXXXXXXx+;                  
                ;x+xXXXXXXXXXXxxx+;+x;;+xxxxxxXXXXXxXXXXXXXXXx;;                 
               ;;+xXXXXXXXXXXXxxxx++x;;;xXXxxxXXXXXXXXXXXXXXXXx;;                
              ;;+xXXXXXXXXXXXXXxx+++x;;;+xXXXXXXXXXXXXXXXXXXXXX+;                
             :;;+XXXXXXXXXXXXXXXx+++x+;+xxxxXXXXXXXXXXXXXXXXXXXx;                
            ;;;;xXXXXXXXXXXXXXXXxx+xxxxxxXxxxXXXXXXXXxXXXXXXXXXX+:               
            ;;;;+XXXXXXXXXXXXXXXxxxxXXXXXXXXXXXXXXXXXXXXXXXXXXXX+;               
           ;;;;++xXXXXXXXXXXxXXXXxxXXXXXXXXXXxx+xXXXXXXXXXXXXXXXx+;              
           ;;;;+++++xX+xxxxxxxxx;;+XXXXXXXXXXxxXXXXXxXXXxxXXXXXXx+;              
           :;;+++;;;x+xxxXxXxxx;;xxx;xx+;+;+xxxXXXXXXXXXXxx++xXXx+;              
           ;;;++;;;xxxxXXxxxxx+;;+xx+x+;+;;;;;;xxXxxxxxXXxxx++++x;;              
          ;;;;;;;+xXXXXX$$$$$$XXXXXXXx;;+xxxXXXXXXXXXXXXXXXXx++;;;;              
          :;;;;;+XXXX$$$$$$$$$$$$$$XX$XXXXXXXXXXXXXX$$$$XXXXXXx;;;;;             
          ;;;;+XX$$X$$$$$$$$$$$$$$$XXXXx+xXXXxxX$$$$$$$$$$XX$XXX+;;;             
          ;;;XXX$$$$$$$$$$$XXxxXXXXXXXXxxxXXXXXXXXXX$$$$$$$X$$$XXX;;;            
          ;;XX$$$X$$$$$$$$XXXXXXXXXXXXxxxxXXXXXxx++X$$$$$$$XX$$$XXX;;:           
         :;XX$$$$$$$$$$$XXXXXXXXXX$XXXXXxxXXXXXX+XXXXXX$$$$$x$$$$XXX;;           
        ;;XX$$$$$$X$$$$$XX$$XXXX$$XXXXXXxxXXXXXXxxxXXX$$$$$$X$$$$$XXX;:          
        :xXX$$$$$$$$$XXXXXXXxxxx++xXXXXXXxXXXx+x+;xXXXXXXXXXX$$$$$$XXx;:         
       ;xXX$$$$$$$XXXXXxx++;;;++xXXXXXXXXxXXXXXXXx++xXXXXXXXXX$$$$$$XXx;;        
      ;+XX$$$$$$$$XXXXXXxxxxxXXXXXXXXxxxxXXxx+x++xXXXXXXXXXXX$$$$$$$XXX+;        
      ;XXX$$$$$$$$XXXXXXXXXXXXXXXXXX+;;;;+xXxx+;;;;;;;;+xxxX$$$$$$$$$XXX;;       
     ;xXX$$$$$$$$$XXXXXXXXXXXXXXXXXx;;;;;;+XXXx;;;;;;;++++XX$$$$$$$$$$XXX;;      
    ;+XXX$$$$$$$$$XXXXXXXXXXXXXXXXXX+;;;;;XXxxXX+;;;;++++XXXXXXXXXXXXXXXXx;      
    +XXX$$$$$$$$$$XXXXXXXXXXXXXXXXXXX$XXX$$$XXxXXX+;;;+++XXXXXXXXXXXXX$XXX;;     
   ;xXXX$$$XX$X$$$XXXXXXXXXXXXXXXXXXXXXXXX$XXXXxXxXX+;++xXXXXXXXXXXXXXXXXXX;;    
   +XXXX$$$XXXX$$$$XXXXXXXXXXXXXXXXXXXXXXXXXXXXXxxxxXXx+XXXX$XXXXXXXXXXXXXXx;;   
  ;xXXX$$$XXXXXX$$$XXXXXXXXXXXXXXXXXXXXXXXXXXXXXX+xxxXXxXXXXX$$XXXXXXXXXXXXX+;   
  xXXXXXXXXXXXXX$$$XXXxxXXXXXXXXXXxXXXXXXXXXXXXXXXxXXXxxXXXXXXXXXXXXXXXXXXXXX;;  
 +XXXXXXXXXXXXXXXXXXXXXxxxXXXXXXXXXXXXXXXXXXXXXXXXXxXxxxXXXXXXXXXXXXXXXXXXXXXx;; 
 XXXXXXXXXXXXXXXXXXXxXX;;;XXXXXXXXXXXXXXXXXXXXXXXxxX+x;;XXXXXXXXXXXXXXXXXXXXXX;; 
XXXXXXXXXXXXXXXXXXXXXXXx+xXXXXXXXXXXXXXXXXXXXXXXXXXXX+;;xXXXXXXXXXXXXXXXXXXXxxxx+
XXXXXXXXXXXXXXXXXXXXXxx++xXXXXXXXXXXXXXXXXXXXXXxxxxXXxxXXXXXXXXXXXXXXXXXXXXXXxxxx
XXXXXXXXXXXXXXXXXXXXXx++++xXXXXXXXXxXXxxxxXXXXXXXXXxxxxxXXXXXXXXXXXXXXXXXXXXXX+xx
xXXXXXXXXXXXXXXXXXXXx+++++xxXXXXXXXXXXxxXXXXXXXXXXXXxxxXXXXXXXX$$$$$$$$$$XXXX+++ 
++XXXXXXXXXXXXXXXXXX++x+xxxXXXXXXXXXXXXXXXxxXXXXXXXxxxxXXXXXXXXXxXXXXXX          
  ;;xX$$$$$X$X$$$$Xx++xxxxXXXXXXXXXXXXXXXxxXXXXXXXXXXXXXXXXXXX                   
                  +++xxxXXXXXXXXXXXXXXXXXXXXXXXXXXxXXXXXXXXXXX                   
                  x+xxxxXXXXXXXXXXXXXXXXXXXXXXXXxxxxxxXXXxXXX                    
                   xxxxXXXXXXXXXXXXXXXXXXXXXxxxxxxxxxxxxxx                       
                    xxxxXXXXXXXXXXXXXxxxxxxxxx++++xx++++x                        
                       xXXXXXXXXXXxXxxxxxxxxxx++;;;;:;                           
                          XXXXXXXxxXXXXXXxxxx+;;;;;;                             
                               Xxxxxxxxxxxx+++;;                                 