14 17 27 49 10 12
----------
20 17 14 13 9 23 3 7
----------
19 13 44 54 28 117 63 110 143 82 73 55 46 16 31 1
----------
202 427 591 959 1923 919 1944 1609 1681 2300 2396 2648 3085 2917 4528 4350 4522 3555 4308 3624 4218 4413 5345 3032 4863 4010 3704 3964 3704 4255 4290 3659 4633 4532 3302 3962 4959 3950 4480 4561 5157 3593 3845 4747 4042 3302 3003 2926 3133 2806 2180 1667 2054 1728 1889 1231 666 576 348
----------
219 410 509 847 1724 1631 2072 1385 3167 2638 3087 3425 3260 4447 4187 3708 3746 4165 4476 4417 4889 6087 5694 5662 6359 5835 6828 6364 6970 7318 9177 8488 8131 8421 8808 9539 8769 8316 10014 11199 9717 10493 8918 8755 11402 10172 10462 8658 10358 9649 9220 9284 8470 8822 8286 7331 8335 8867 7374 7296 5712 6107 5339 4904 5461 4987 5535 4190 3996 5241 4327 3119 2873 3115 2274 1592 2664 2461 2038 2295 1166 1228 1010 694 525 305
----------
124 533 354 1261 656 1280 1034 1579 2344 1875 3230 2469 2767 2542 2745 3421 2049 1848 2099 2922 2421 3588 3145 2756 2399 2398 2694 3157 2040 2630 1564 1553 1125 1031 629 380 298
----------
169 665 426 368 1069 1759 1528 1658 1731 1663 760 2012 2873 1735 2510 1659 1145 1730 1808 2005 2371 1932 1511 1428 2278 2524 1714 1752 1941 504 757 1049 711 557 20
----------
271 288 489 1126 1254 1519 1936 1323 1680 1435 1663 1783 1473 1272 899 273 329
----------
268 472 104 173 226 312 420 79 475 35 34 103 66 334 211 498 313 200 121 313 270 89 292 170 346
----------
481 386 821 233 1711 1700 1453 1400 1257 1697 1577 1270 1102 976 1395 1643 1337 1148 295 281
----------
456 362 761 1309 977 1652 2248 2597 2282 1431 2683 3902 2981 3500 3954 3454 5210 3781 4506 5786 4328 3786 5594 6920 5242 4530 4912 4550 4533 4735 4539 5028 5586 5723 4635 4274 4962 5484 4637 4573 5024 5199 5517 3525 5137 4120 3328 3280 2474 3367 2540 2893 2146 2034 1923 1704 1727 1167 874 205 407
----------
24 482 339 194 444 199 322 110 20 196 40 377
----------
289 642 1112 903 1340 2071 2339 1921 1952 1801 2281 2594 2572 2674 2562 2034 2982 2643 2178 2474 1509 2155 2436 2327 2488 2762 2274 2460 1977 2108 1989 2564 2597 1926 1899 2086 914 1022 1247 491 252
----------
365 698 772 1349 911 1290 2454 1688 2357 1918 2784 2680 3299 3854 4603 4638 4237 3798 4142 5008 5838 6269 6659 6534 4400 6875 5195 7992 6794 6584 6701 7551 7399 6095 8226 6659 7140 7086 6911 6123 6549 7067 5878 6347 6515 6949 7107 5823 6483 6216 5324 6199 5186 5588 5373 5540 5717 3548 3515 3475 3581 3849 3301 2460 2927 2089 2376 1569 1966 772 1152 848 293 345
----------
169 633 560 913 1491 1347 1942 2030 1954 2308 1104 1939 1201 1397 975 1277 668 605 335
----------
488 627 318 1418 1166 1754 1509 1741 1688 2543 2229 2286 2116 1837 1824 3016 2118 1582 2828 1964 1941 2011 2176 2018 2591 1889 2007 2603 1635 1949 2753 2821 1797 2542 2766 2536 2466 1303 2597 1895 2350 2580 2902 1478 1846 2928 2155 1483 1165 1275 914 367 479 85
----------
246 208 830 1318 825 1152 1958 1633 2518 1565 1853 2018 1877 1951 2049 2326 2173 2483 2269 2732 1970 2286 2773 2128 2062 1789 1814 2244 2941 2886 2305 2721 2182 2268 2029 2682 1491 2048 2464 2838 2510 2233 2335 2106 1821 1280 1467 527 665 608 249
----------
408 115 608 1329 1485 962 1883 1817 1537 2427 2627 3302 3100 1982 3673 4074 3915 4740 4341 5273 6014 5027 4511 5998 5300 4595 6042 4975 4575 4888 3400 3893 4329 2883 3726 2934 2060 2312 2493 1814 1957 1376 533 457 548 304
----------
136 272 1287 1186 1329 1935 1372 1974 2557 2243 3149 2646 4258 3444 4708 4808 3122 3602 4992 5913 4956 5189 4976 5324 6393 7819 6460 7186 6528 6544 5752 5217 5796 4966 6491 6035 5434 7567 5365 5048 5752 5052 5674 5260 4746 1901 4371 4311 4299 3530 2977 1831 2232 3340 2434 2543 1249 1623 1581 1532 1316 784 77
----------
454 786 617 1082 1904 1806 1115 2298 1335 2535 2451 2890 3666 4182 4106 4056 4420 4032 2246 4215 4964 5292 4548 4291 5185 3999 4386 4631 5346 4874 4113 3671 2903 2802 2400 3242 2563 1688 2314 1903 1482 1199 1087 918 508 333
----------
85 379 1424 636 1367 1860 2018 2405 2254 2127 3664 3194 3145 3705 4015 4197 4260 4272 4909 5078 4431 4533 6799 6296 6416 5206 6209 6845 7200 5517 6985 7137 6656 7785 6420 6579 6340 5650 6380 6747 5433 6667 7512 6647 5833 6961 5425 6479 4600 5766 5394 5809 5576 5191 4310 4517 2741 4223 3279 3004 2344 2634 2627 2418 2162 1618 1210 1071 952 437 606 34
----------
352 214 860 979 936 1043 2107 2156 2137 1578 2393 2658 2579 2179 2603 2201 2311 1533 2681 2706 2708 2521 2741 2257 3393 2392 2262 2872 1959 2421 2827 3116 3008 2668 1879 1036 1246 1371 796 417 238
----------
359 494 506 911 1211 1491 1175 2239 2586 2151 2297 3272 3712 2583 2961 3154 3728 5187 4478 6390 4549 5171 5165 5782 6653 5137 7114 6072 7206 7460 6081 8051 7679 7292 8438 8766 8197 6109 7938 6100 6008 6871 5081 6737 4707 5865 5081 5049 4663 4159 3284 3357 3829 2754 3291 2912 2476 1709 1951 1874 1722 1226 1342 890 341 61
----------
208 783 289 636 1261 1731 2044 1625 2171 2014 2648 3325 3011 3944 4571 3241 3735 4490 3951 4343 4492 3381 3230 2557 2569 3334 2078 2060 1739 2233 1099 1788 489 723 475 206
----------
329 239 1003 834 665 1720 1727 1872 2235 2341 2308 3763 2704 2841 2634 3246 4095 3207 2705 2841 4390 3434 2583 3812 3185 3519 3257 3959 3803 3877 3574 3525 3438 3878 4077 4069 2767 3495 3082 4165 3017 4073 3622 4136 3024 2864 2543 3759 2256 2722 2752 2535 1496 1456 909 785 794 463 299
----------
267 407 996 1181 1397 1244 1854 2872 2538 3289 3673 2643 3280 2842 2279 2876 2274 2665 2771 3323 3021 2399 2689 2659 2878 2712 2301 3242 2016 2973 2148 2137 1744 1138 1119 621 557 387
----------
130 653 745 825 180 605 155 502 697 606 562 726 430 652 882 548 392 581 490 419 715 198 350 957 384 689 366 449 513 811 851 562 589 606 402 608 419
----------
492 372 692 958 1977 1702 1430 1917 1920 3027 3134 2955 2212 2164 2637 3460 1420 2894 2491 2547 2295 2075 2795 2694 2293 3058 2376 3034 2630 1502 2775 3243 2044 2650 2435 2483 2544 2347 1251 2492 2002 895 995 808 667 424 184
----------
48 591 800 316 574 888 1016 878 491 1142 1051 686 426 702 753 638 898 809 930 386 316 789 933 902 1171 410 689 774 776 1046 832 1116 583 552 435 21
----------
212 724 792 930 1338 1154 1419 2487 1323 1570 1203 1250 629 71 166
----------
91 805 810 430 618 1754 1366 1027 1141 598 610 1177 700 852 884 1425 1389 995 1195 1083 573 1184 940 1173 1062 1226 1264 594 1165 951 691 1045 1536 954 960 787 1427 1188 1369 1268 1136 1387 1351 112 384 218
----------
456 399 664 1490 1470 1573 798 1846 2610 2444 3009 3078 2833 2808 3735 5054 4760 3404 3617 3923 4927 6355 5703 5611 6064 5325 5207 5319 5673 5993 6227 5998 6075 6327 6605 6185 5640 6124 6536 5651 5188 6485 5380 6279 5973 5532 5671 5574 6134 5371 4737 3808 4044 4983 3242 2906 3190 3255 3358 3143 2714 1420 1162 1776 1882 827 844 694 20
----------
464 553 999 1311 1012 1579 1118 1758 1974 2337 2082 1968 1693 1502 1315 1718 2142 2035 1893 1445 2332 2134 2006 1333 2171 1330 1930 1227 2084 2873 1163 2013 2681 2132 1583 2513 2392 1986 3076 1389 1603 1727 1699 1859 2252 1711 808 1162 585 438
----------
207 592 1053 453 1427 1568 2049 1599 1915 2598 3442 2860 2129 2664 3729 3398 4373 4206 5073 4361 5038 4224 5371 5523 5122 4900 4909 4698 3416 5007 3899 3946 4221 5227 5861 5460 4507 4275 3711 4324 5324 4253 4732 5546 3761 3447 5580 5190 4175 4171 2318 3285 3885 2803 2318 2808 1870 2485 2066 1661 749 315 776 713 51
----------
209 393 1415 1571 1258 1695 2329 2368 2462 3211 3151 2945 3712 3833 3625 2719 3832 4434 3237 2904 3970 3701 2872 3435 4380 4308 3999 4039 3690 2787 2861 3206 2637 2251 1929 1812 1569 1544 1106 1295 803 724 218
----------
127 271 787 1035 1507 1859 1847 1416 2212 1274 2178 2389 2007 2143 1494 2100 1467 1934 1357 1742 1603 1476 1762 1951 1924 2037 1218 1837 1399 1633 1118 1812 2058 1241 1773 1523 1787 2181 1762 1650 1680 2482 1585 1530 1109 770 1142 125 6
----------
378 562 612 851 1013 1370 635 558 35
----------
363 220 500 1141 1234 998 1707 1769 2113 1970 3476 3187 2896 3524 3809 2873 4072 4887 4715 5346 4569 5139 5599 5130 5271 5439 5192 4791 6275 5459 6200 4239 5121 4664 5077 3878 4741 4620 4418 3517 4109 3382 3407 2472 2808 2360 1624 2376 1067 1257 1312 618 768 449
----------
202 428 493 666 1144 1262 1953 2825 2722 2656 2943 2698 3146 3524 3983 3252 3397 5492 4939 3727 4859 4295 5796 6855 6589 6406 6884 7330 7535 6399 7326 7304 7985 7996 6675 7921 7379 7775 10085 7114 8088 6244 7172 5519 5575 5620 5662 4389 4758 3490 4195 4122 2949 4396 3738 2835 3454 3389 2677 2143 743 2085 1207 1336 516 1238 697 261
----------
494 854 633 445 385 1169 1603 1796 1234 1884 4186 2973 3932 2757 2944 4146 4166 4320 4321 4459 4444 3773 5144 3878 3795 4264 4202 3667 3313 2098 3270 2808 2560 2376 1586 1899 1220 612 956 483 361
----------
329 549 806 1428 1280 1196 2525 2007 1194 2609 2593 3755 3404 3365 4021 4759 3963 3583 4860 5505 5010 6166 4901 5345 5858 7298 7728 6489 7899 6504 7106 8141 9296 8977 8675 7763 8254 9413 10832 10353 10000 10507 10721 11306 9667 11819 10864 12764 10823 10242 12636 11421 10522 10664 9228 8566 8175 9828 8262 8109 6991 8876 7576 7621 8251 4113 6466 6900 6379 6431 4361 4261 5744 6041 5148 4190 4359 4352 3590 3965 4241 3473 2953 2846 2292 2184 1969 1376 1571 919 338 791 152
----------
463 496 975 935 1603 1476 1470 2590 2519 2372 1731 2590 3130 4133 3611 3676 3340 2525 3421 3206 2681 3796 3780 4152 3128 3245 2670 2430 2922 1894 1852 1444 2166 1293 739 485 513 425
----------
207 328 494 755 1207 1324 1645 2055 2333 2398 3303 2626 2718 3215 3783 2877 3214 3265 3099 3190 3340 3084 3592 2926 2728 2753 2087 2151 1642 1472 1540 986 779 196 253
----------
433 597 931 820 1066 1077 1733 1875 1835 2200 2167 2212 2647 3028 2360 1955 1780 1926 2232 2806 2091 1783 2264 1960 2414 2311 1918 2663 2606 2260 2163 2180 1854 2342 2754 2333 1684 2857 1626 1746 611 663 1039 668 378
----------
175 650 798 1145 1535 2051 2232 1794 2262 2671 2381 3155 2474 3960 4130 5311 3659 3315 4786 5198 4851 6632 6284 4792 6885 6158 6830 6439 7079 6905 8754 8799 7868 7314 6910 8933 6703 7118 7704 6431 9365 7728 8354 8426 7807 6961 5821 7620 6147 6430 5629 6155 5503 6549 4935 5733 4290 3740 4785 4975 3342 2974 3312 3108 2492 1852 3053 1861 1674 1398 441 550 1017 872 434
----------
344 555 1137 1008 1273 917 1603 1408 2354 2672 3049 2653 4187 3288 3628 4449 4382 5132 4174 3897 5401 6647 5445 4984 5744 6626 5957 7242 6079 5643 5353 5908 6048 5807 5432 4297 3801 4088 3822 3599 3204 2924 2949 2813 1899 2014 2245 1488 1746 807 1141 925 372 387
----------
135 197 1000 1253 1218 1616 1857 1885 1925 3301 2140 2042 3737 3486 3162 3159 5152 4582 4582 5112 6045 5094 7792 5865 6852 4864 7267 7198 5967 6347 8053 7948 9261 8562 8732 9859 7718 9790 10407 9394 10431 9628 10877 10112 11075 10533 10634 9109 8681 9240 8620 8944 8452 8409 8379 7532 7293 6603 6326 7219 6173 5742 5612 6272 4728 5149 4994 5784 5050 4898 4148 3006 3869 3737 2750 3694 2706 2216 2088 2869 1619 1134 817 949 698 580 478
----------
115 669 552 755 1052 1702 1838 1713 2916 2269 1856 3149 3467 3377 3208 3978 3407 5406 5431 4559 3921 3895 3759 3404 3053 3054 3007 2347 2049 2652 1981 2157 1852 1246 809 556 156
----------
427 630 967 837 1060 1173 786 1275 1115 1135 1547 1476 1055 1328 1316 841 983 1295 1008 993 1094 2202 934 1539 1156 414 813 992 1204 1068 1377 1221 1017 1035 605 763 95 83
----------
415 570 1015 996 1273 1779 1692 1859 2243 2502 2025 3050 3591 3720 4038 4853 3343 3425 3690 4860 4172 4461 3833 5278 4602 3421 4570 4287 3437 4499 4469 4485 4463 3337 4139 4299 4021 4170 4693 3156 3526 3709 3451 3736 2603 2696 2008 1916 1890 1966 1015 1247 638 298 387
----------
413 501 634 1182 1259 1522 1921 2320 2389 2281 2729 2553 2701 2446 4016 4090 4196 4698 4974 4192 5889 4716 5265 4526 4856 5942 5068 6498 5957 6414 6068 5773 5393 6587 5221 6658 5117 6922 6765 4574 5558 5663 5380 6673 5477 5989 5001 3819 5421 3604 2877 3497 3401 2428 3494 3043 1747 1728 2127 1993 1831 1022 539 825 452
----------
89 622 1040 767 1384 1594 1657 2126 1791 2213 2967 2807 3496 3562 2954 4455 5310 5415 4598 4801 4824 5636 4895 4835 5725 5769 6814 7438 6069 5863 8618 7795 8195 6719 9601 8018 9182 9993 8130 9416 10922 10942 11643 9098 9243 11287 12317 11373 11326 12777 12922 13411 15461 12386 14010 12564 15968 14682 15654 14835 16199 14203 16176 14305 15785 14541 15139 12905 16487 13859 15001 13842 16972 16102 15389 14444 13917 13892 16253 15002 14656 15575 13610 15038 15284 16023 15183 14763 14128 14828 14278 13874 15139 13367 11820 14971 12948 13115 13293 10921 12594 10448 10627 10350 11605 9670 10208 9063 11487 11352 11164 9420 8506 9041 7839 8266 8379 7698 7304 6286 6781 7335 6718 7413 5071 5837 5465 5665 5112 5874 4557 5045 3525 4019 3542 2525 3173 3483 2930 2100 921 2074 1496 1339 1135 660 263 163
----------
487 277 1277 1225 1108 1261 1666 1088 1960 2971 3338 3247 3585 3572 3390 4412 4055 4364 4522 4461 4160 5839 6009 6010 5849 7606 6381 6422 6550 7541 6549 8166 8921 9173 9328 7389 7528 9475 11827 9257 10177 10874 10924 10158 11775 11761 11321 12781 10972 11464 13552 11926 12153 13625 12900 13836 13995 14796 15033 14373 15216 14314 14830 14806 16127 15547 16325 14223 16477 16450 16724 18530 19495 19366 16552 17491 19963 18610 18524 20041 19219 19020 20849 20227 19344 20079 19524 19811 22699 21765 21568 22839 21598 23960 23308 21809 21037 23555 20641 20234 18577 20207 20411 21638 19293 18817 17893 15460 18069 19444 19035 18490 17384 17497 17817 16636 17406 16612 15459 15196 17092 14317 15781 14685 14260 13607 13630 11751 13329 13348 14329 13450 11669 11529 11610 10133 11318 11036 10383 10751 10818 10154 9671 9590 7888 9524 9240 8702 9636 7645 7835 6735 6247 7542 7133 7940 7373 4806 5135 5463 5831 4455 4373 4439 4646 4095 3943 3239 3854 2787 2202 2414 2376 2060 2035 738 1434 926 592 532 172
----------
158 743 320 1319 1254 1430 1926 1371 2478 2478 2346 2973 3009 3086 4081 2429 4940 4404 4748 5938 6423 4036 4851 5645 7108 7069 6461 6953 7785 7932 7245 6823 8271 8434 7751 6878 8156 7316 6135 7875 7277 7240 6533 6345 6937 6695 6550 6193 5947 8026 7872 7638 7668 5880 6505 6829 5915 6406 6106 7074 5236 4916 4243 4151 5019 4736 4287 3837 3067 4237 3122 2424 3342 2765 2758 1948 1526 1359 1635 1373 244 338 396
----------
366 288 1063 1388 755 1252 1310 1731 2661 2538 1875 3560 3184 3579 3841 4697 4526 4638 5280 5191 5995 6350 5021 6774 5729 7409 7460 8073 6287 6335 7919 7721 7721 7921 8523 7681 7201 8928 6979 8420 7667 6895 8048 6367 8065 7816 7434 8585 7198 5652 7853 7619 6950 8190 7192 8312 6602 7499 7493 9595 6863 8757 5933 6935 7968 7435 7189 8956 7118 7025 7941 7284 7113 6071 5911 5834 5448 5239 4728 4602 4694 4968 4374 4081 3095 3278 2819 2770 3228 2040 2903 1819 1825 1268 800 1434 706 955 24
----------
26 311 1045 822 783 1723 2364 2258 2539 3057 2712 2781 2801 3268 3353 4157 4238 3585 5300 5176 5528 5469 5961 5243 6558 6564 5603 6565 7389 7459 7217 9392 7947 8850 9141 7562 9757 9080 10473 8767 10868 9060 10947 8889 12215 12340 10101 11638 14034 13851 11375 12295 13887 11555 13111 14038 15134 14562 15544 14200 16235 15159 14957 14287 16632 15975 16050 20311 18915 16469 18542 18459 18637 18585 20543 20196 20360 19173 20026 19527 21468 21203 21167 22543 21278 21130 19236 23270 23577 24797 21699 22317 23731 23004 24789 23233 26889 24622 23718 25033 22613 25960 23389 26484 28083 25041 27643 27030 30868 27902 30330 23094 28587 28165 25690 27488 26697 26141 31550 31049 30838 30932 33885 32184 32945 30629 33484 35188 34318 31734 33683 34383 35611 32622 34619 29017 33227 32224 35543 32887 39753 36082 35624 34020 34184 35346 39903 38269 36910 38769 40360 37375 37314 37916 40245 40824 39145 39346 41618 41392 35164 39082 42009 40993 40795 39212 39100 41631 42817 40572 42991 41852 45852 43788 40784 44051 47543 45226 46657 40409 44704 45656 43241 42844 46089 49634 47999 40916 50285 45407 50210 49857 51390 50561 53196 49769 50582 52143 52348 47790 49852 49884 49406 49948 46993 50211 47705 48122 48891 47236 46001 48153 49411 47308 45795 46417 44362 45010 47465 47792 48543 45977 44241 45794 42852 42284 40673 43271 46714 39133 42485 42949 40864 37953 40304 37659 42625 43391 42567 37751 39506 40250 41622 36814 35972 42774 37809 36806 37164 39268 34255 38760 32399 34608 36687 35102 34296 38190 33944 35300 37358 37110 32884 32840 34249 32037 29680 33020 32110 33157 34973 33442 30324 30642 32011 30607 30554 31046 32474 31704 29511 30695 30830 29990 28709 28681 25867 27098 25932 26081 27687 27652 27288 25968 23873 25611 25480 24972 24721 24604 24293 27165 25740 22297 23805 22152 22724 21195 21708 20404 19654 23129 21982 20197 19077 21649 18421 19074 19070 17615 18963 19943 18010 16941 18608 17157 19165 16573 17888 19869 15731 15830 16844 18120 16967 16125 17007 17143 13227 15523 14272 15832 14023 12551 12485 14334 13891 13196 12875 12114 13748 13035 11953 12036 11462 10323 11309 11103 11048 8889 8668 9803 9078 10343 8855 8697 7441 7617 7468 7468 7475 8041 7795 7477 6940 5324 4402 5213 5035 5206 5354 4812 4168 4330 4425 4371 3605 2167 2118 3032 1524 1769 1688 1690 1107 1283 784 205 38
----------