Stacey:
Night 1: 25 crimes
Night 2: 12 crimes
Night 3: 9 crimes
Night 4: 18 crimes
Night 5: 37 crimes
Night 6: 67 crimes
Night 7: 109 crimes
The highest number of crimes is 109 on night 7.
Jared:
Night 1: 1 crimes
Night 2: 12 crimes
Night 3: 14 crimes
Night 4: 6 crimes
Night 5: -10 crimes
Night 6: -37 crimes
Night 7: -72 crimes
The highest number of crimes is 14 on night 3.
Yoshitaka:
Night 1: -1 crimes
Night 2: -7 crimes
Night 3: -6 crimes
Night 4: 0 crimes
Night 5: 13 crimes
Night 6: 32 crimes
Night 7: 58 crimes
The highest number of crimes is 58 on night 7.
Brandon:
Night 1: 3 crimes
Night 2: 7 crimes
Night 3: 6 crimes
Night 4: 1 crimes
Night 5: -9 crimes
Night 6: -24 crimes
Night 7: -43 crimes
The highest number of crimes is 7 on night 2.
Pratamesh:
Night 1: 24 crimes
Night 2: 7 crimes
Night 3: 3 crimes
Night 4: 13 crimes
Night 5: 36 crimes
Night 6: 72 crimes
Night 7: 121 crimes
The highest number of crimes is 121 on night 7.
Luke:
Night 1: 4 crimes
Night 2: 15 crimes
Night 3: 25 crimes
Night 4: 32 crimes
Night 5: 36 crimes
Night 6: 38 crimes
Night 7: 38 crimes
The highest number of crimes is 38 on night 6.
Braden:
Night 1: 2 crimes
Night 2: 2 crimes
Night 3: 4 crimes
Night 4: 8 crimes
Night 5: 13 crimes
Night 6: 19 crimes
Night 7: 28 crimes
The highest number of crimes is 28 on night 7.
Khang:
Night 1: 1 crimes
Night 2: 9 crimes
Night 3: 9 crimes
Night 4: 2 crimes
Night 5: -13 crimes
Night 6: -36 crimes
Night 7: -67 crimes
The highest number of crimes is 9 on night 2.
Jadey:
Night 1: -65 crimes
Night 2: -270 crimes
Night 3: -385 crimes
Night 4: -411 crimes
Night 5: -346 crimes
Night 6: -191 crimes
Night 7: 54 crimes
The highest number of crimes is 54 on night 7.
James:
Night 1: 41 crimes
Night 2: 171 crimes
Night 3: 255 crimes
Night 4: 291 crimes
Night 5: 281 crimes
Night 6: 224 crimes
Night 7: 120 crimes
The highest number of crimes is 291 on night 4.
Troy:
Night 1: -53 crimes
Night 2: -165 crimes
Night 3: -255 crimes
Night 4: -322 crimes
Night 5: -367 crimes
Night 6: -389 crimes
Night 7: -389 crimes
The highest number of crimes is -53 on night 1.
Aiden:
Night 1: 26 crimes
Night 2: 112 crimes
Night 3: 183 crimes
Night 4: 242 crimes
Night 5: 287 crimes
Night 6: 318 crimes
Night 7: 337 crimes
The highest number of crimes is 337 on night 7.
Anderson:
Night 1: -40 crimes
Night 2: -265 crimes
Night 3: -431 crimes
Night 4: -536 crimes
Night 5: -582 crimes
Night 6: -569 crimes
Night 7: -495 crimes
The highest number of crimes is -40 on night 1.
Henry:
Night 1: 18 crimes
Night 2: 107 crimes
Night 3: 171 crimes
Night 4: 210 crimes
Night 5: 224 crimes
Night 6: 213 crimes
Night 7: 178 crimes
The highest number of crimes is 224 on night 5.
Alexander:
Night 1: 0 crimes
Night 2: -21 crimes
Night 3: -28 crimes
Night 4: -21 crimes
Night 5: 0 crimes
Night 6: 36 crimes
Night 7: 86 crimes
The highest number of crimes is 86 on night 7.
Abhinav:
Night 1: 19 crimes
Night 2: -2 crimes
Night 3: -4 crimes
Night 4: 14 crimes
Night 5: 52 crimes
Night 6: 109 crimes
Night 7: 186 crimes
The highest number of crimes is 186 on night 7.
Nicoli:
Night 1: 15 crimes
Night 2: 75 crimes
Night 3: 119 crimes
Night 4: 146 crimes
Night 5: 156 crimes
Night 6: 150 crimes
Night 7: 127 crimes
The highest number of crimes is 156 on night 5.
Tyler:
Night 1: -65 crimes
Night 2: -242 crimes
Night 3: -391 crimes
Night 4: -510 crimes
Night 5: -601 crimes
Night 6: -663 crimes
Night 7: -696 crimes
The highest number of crimes is -65 on night 1.
Steven:
Night 1: -43 crimes
Night 2: -171 crimes
Night 3: -254 crimes
Night 4: -291 crimes
Night 5: -284 crimes
Night 6: -232 crimes
Night 7: -135 crimes
The highest number of crimes is -43 on night 1.
Bidipto:
Night 1: 17 crimes
Night 2: 98 crimes
Night 3: 145 crimes
Night 4: 157 crimes
Night 5: 135 crimes
Night 6: 78 crimes
Night 7: -13 crimes
The highest number of crimes is 157 on night 4.
Soren:
Night 1: 6 crimes
Night 2: -195 crimes
Night 3: -323 crimes
Night 4: -377 crimes
Night 5: -359 crimes
Night 6: -267 crimes
Night 7: -102 crimes
The highest number of crimes is 6 on night 1.
Huy:
Night 1: 20 crimes
Night 2: 120 crimes
Night 3: 189 crimes
Night 4: 228 crimes
Night 5: 236 crimes
Night 6: 214 crimes
Night 7: 161 crimes
The highest number of crimes is 236 on night 5.
Thanh:
Night 1: -31 crimes
Night 2: -196 crimes
Night 3: -306 crimes
Night 4: -358 crimes
Night 5: -355 crimes
Night 6: -294 crimes
Night 7: -178 crimes
The highest number of crimes is -31 on night 1.
Maxine:
Night 1: -17 crimes
Night 2: -65 crimes
Night 3: -102 crimes
Night 4: -127 crimes
Night 5: -141 crimes
Night 6: -144 crimes
Night 7: -135 crimes
The highest number of crimes is -17 on night 1.
Joseph:
Night 1: 11 crimes
Night 2: 71 crimes
Night 3: 109 crimes
Night 4: 123 crimes
Night 5: 114 crimes
Night 6: 81 crimes
Night 7: 26 crimes
The highest number of crimes is 123 on night 4.
Yashwanth:
Night 1: -24 crimes
Night 2: -118 crimes
Night 3: -185 crimes
Night 4: -224 crimes
Night 5: -236 crimes
Night 6: -220 crimes
Night 7: -177 crimes
The highest number of crimes is -24 on night 1.
Ethan:
Night 1: -31 crimes
Night 2: -186 crimes
Night 3: -304 crimes
Night 4: -385 crimes
Night 5: -429 crimes
Night 6: -436 crimes
Night 7: -406 crimes
The highest number of crimes is -31 on night 1.
Adam:
Night 1: 45 crimes
Night 2: 171 crimes
Night 3: 257 crimes
Night 4: 304 crimes
Night 5: 310 crimes
Night 6: 277 crimes
Night 7: 204 crimes
The highest number of crimes is 310 on night 5.
Kayla:
Night 1: -20 crimes
Night 2: -197 crimes
Night 3: -312 crimes
Night 4: -364 crimes
Night 5: -354 crimes
Night 6: -282 crimes
Night 7: -147 crimes
The highest number of crimes is -20 on night 1.
Ryder:
Night 1: -15 crimes
Night 2: -90 crimes
Night 3: -146 crimes
Night 4: -184 crimes
Night 5: -205 crimes
Night 6: -207 crimes
Night 7: -192 crimes
The highest number of crimes is -15 on night 1.
Stacey:
Night 1: -15 crimes
Night 2: -96 crimes
Night 3: -158 crimes
Night 4: -200 crimes
Night 5: -223 crimes
Night 6: -227 crimes
Night 7: -211 crimes
The highest number of crimes is -15 on night 1.
Jared:
Night 1: -43 crimes
Night 2: -224 crimes
Night 3: -361 crimes
Night 4: -456 crimes
Night 5: -508 crimes
Night 6: -516 crimes
Night 7: -482 crimes
The highest number of crimes is -43 on night 1.
Yoshitaka:
Night 1: -20 crimes
Night 2: -149 crimes
Night 3: -247 crimes
Night 4: -313 crimes
Night 5: -349 crimes
Night 6: -353 crimes
Night 7: -326 crimes
The highest number of crimes is -20 on night 1.
Brandon:
Night 1: -3 crimes
Night 2: 62 crimes
Night 3: 101 crimes
Night 4: 114 crimes
Night 5: 99 crimes
Night 6: 58 crimes
Night 7: -9 crimes
The highest number of crimes is 114 on night 4.
Pratamesh:
Night 1: 10 crimes
Night 2: -190 crimes
Night 3: -311 crimes
Night 4: -352 crimes
Night 5: -313 crimes
Night 6: -195 crimes
Night 7: 4 crimes
The highest number of crimes is 10 on night 1.
Luke:
Night 1: -3 crimes
Night 2: -47 crimes
Night 3: -85 crimes
Night 4: -118 crimes
Night 5: -147 crimes
Night 6: -170 crimes
Night 7: -189 crimes
The highest number of crimes is -3 on night 1.
Braden:
Night 1: 21 crimes
Night 2: 79 crimes
Night 3: 127 crimes
Night 4: 163 crimes
Night 5: 188 crimes
Night 6: 201 crimes
Night 7: 204 crimes
The highest number of crimes is 204 on night 7.
Khang:
Night 1: 4 crimes
Night 2: -65 crimes
Night 3: -97 crimes
Night 4: -91 crimes
Night 5: -47 crimes
Night 6: 34 crimes
Night 7: 153 crimes
The highest number of crimes is 153 on night 7.
Jadey:
Night 1: -27 crimes
Night 2: -129 crimes
Night 3: -206 crimes
Night 4: -256 crimes
Night 5: -281 crimes
Night 6: -280 crimes
Night 7: -253 crimes
The highest number of crimes is -27 on night 1.
James:
Night 1: 17 crimes
Night 2: 103 crimes
Night 3: 155 crimes
Night 4: 174 crimes
Night 5: 160 crimes
Night 6: 112 crimes
Night 7: 31 crimes
The highest number of crimes is 174 on night 4.
Troy:
Night 1: -6 crimes
Night 2: -169 crimes
Night 3: -273 crimes
Night 4: -318 crimes
Night 5: -305 crimes
Night 6: -233 crimes
Night 7: -103 crimes
The highest number of crimes is -6 on night 1.
Aiden:
Night 1: -17 crimes
Night 2: -80 crimes
Night 3: -128 crimes
Night 4: -162 crimes
Night 5: -180 crimes
Night 6: -184 crimes
Night 7: -173 crimes
The highest number of crimes is -17 on night 1.
Anderson:
Night 1: 23 crimes
Night 2: 108 crimes
Night 3: 172 crimes
Night 4: 217 crimes
Night 5: 241 crimes
Night 6: 245 crimes
Night 7: 229 crimes
The highest number of crimes is 245 on night 6.
Henry:
Night 1: -15 crimes
Night 2: -153 crimes
Night 3: -243 crimes
Night 4: -284 crimes
Night 5: -277 crimes
Night 6: -221 crimes
Night 7: -117 crimes
The highest number of crimes is -15 on night 1.
Alexander:
Night 1: -10 crimes
Night 2: -139 crimes
Night 3: -227 crimes
Night 4: -273 crimes
Night 5: -279 crimes
Night 6: -243 crimes
Night 7: -166 crimes
The highest number of crimes is -10 on night 1.
Abhinav:
Night 1: 16 crimes
Night 2: 126 crimes
Night 3: 199 crimes
Night 4: 235 crimes
Night 5: 234 crimes
Night 6: 196 crimes
Night 7: 121 crimes
The highest number of crimes is 235 on night 4.
Nicoli:
Night 1: 4 crimes
Night 2: -167 crimes
Night 3: -272 crimes
Night 4: -310 crimes
Night 5: -283 crimes
Night 6: -189 crimes
Night 7: -29 crimes
The highest number of crimes is 4 on night 1.
Tyler:
Night 1: -10 crimes
Night 2: -51 crimes
Night 3: -82 crimes
Night 4: -103 crimes
Night 5: -115 crimes
Night 6: -117 crimes
Night 7: -109 crimes
The highest number of crimes is -10 on night 1.
Steven:
Night 1: 12 crimes
Night 2: 75 crimes
Night 3: 123 crimes
Night 4: 156 crimes
Night 5: 173 crimes
Night 6: 176 crimes
Night 7: 164 crimes
The highest number of crimes is 176 on night 6.
Bidipto:
Night 1: 2 crimes
Night 2: -79 crimes
Night 3: -127 crimes
Night 4: -143 crimes
Night 5: -125 crimes
Night 6: -75 crimes
Night 7: 8 crimes
The highest number of crimes is 8 on night 7.
Soren:
Night 1: -10 crimes
Night 2: -124 crimes
Night 3: -219 crimes
Night 4: -293 crimes
Night 5: -346 crimes
Night 6: -380 crimes
Night 7: -392 crimes
The highest number of crimes is -10 on night 1.
Huy:
Night 1: 25 crimes
Night 2: 141 crimes
Night 3: 228 crimes
Night 4: 284 crimes
Night 5: 311 crimes
Night 6: 307 crimes
Night 7: 274 crimes
The highest number of crimes is 311 on night 5.
Thanh:
Night 1: -23 crimes
Night 2: -185 crimes
Night 3: -291 crimes
Night 4: -342 crimes
Night 5: -338 crimes
Night 6: -278 crimes
Night 7: -162 crimes
The highest number of crimes is -23 on night 1.
Maxine:
Night 1: -13 crimes
Night 2: -119 crimes
Night 3: -202 crimes
Night 4: -261 crimes
Night 5: -298 crimes
Night 6: -312 crimes
Night 7: -302 crimes
The highest number of crimes is -13 on night 1.
Joseph:
Night 1: -11 crimes
Night 2: -97 crimes
Night 3: -155 crimes
Night 4: -184 crimes
Night 5: -183 crimes
Night 6: -153 crimes
Night 7: -94 crimes
The highest number of crimes is -11 on night 1.
Yashwanth:
Night 1: 18 crimes
Night 2: 146 crimes
Night 3: 240 crimes
Night 4: 300 crimes
Night 5: 324 crimes
Night 6: 314 crimes
Night 7: 270 crimes
The highest number of crimes is 324 on night 5.
Ethan:
Night 1: 18 crimes
Night 2: -198 crimes
Night 3: -338 crimes
Night 4: -402 crimes
Night 5: -390 crimes
Night 6: -302 crimes
Night 7: -138 crimes
The highest number of crimes is 18 on night 1.
Adam:
Night 1: -6 crimes
Night 2: -52 crimes
Night 3: -87 crimes
Night 4: -112 crimes
Night 5: -127 crimes
Night 6: -132 crimes
Night 7: -126 crimes
The highest number of crimes is -6 on night 1.
Kayla:
Night 1: 18 crimes
Night 2: 90 crimes
Night 3: 150 crimes
Night 4: 197 crimes
Night 5: 232 crimes
Night 6: 255 crimes
Night 7: 265 crimes
The highest number of crimes is 265 on night 7.
Ryder:
Night 1: -6 crimes
Night 2: -79 crimes
Night 3: -114 crimes
Night 4: -110 crimes
Night 5: -68 crimes
Night 6: 13 crimes
Night 7: 132 crimes
The highest number of crimes is 132 on night 7.
Stacey:
Night 1: -1 crimes
Night 2: -126 crimes
Night 3: -205 crimes
Night 4: -237 crimes
Night 5: -222 crimes
Night 6: -160 crimes
Night 7: -51 crimes
The highest number of crimes is -1 on night 1.
Jared:
Night 1: 17 crimes
Night 2: 99 crimes
Night 3: 156 crimes
Night 4: 187 crimes
Night 5: 193 crimes
Night 6: 174 crimes
Night 7: 129 crimes
The highest number of crimes is 193 on night 5.
Yoshitaka:
Night 1: -10 crimes
Night 2: -194 crimes
Night 3: -317 crimes
Night 4: -379 crimes
Night 5: -379 crimes
Night 6: -319 crimes
Night 7: -197 crimes
The highest number of crimes is -10 on night 1.
Brandon:
Night 1: -11 crimes
Night 2: -67 crimes
Night 3: -110 crimes
Night 4: -140 crimes
Night 5: -156 crimes
Night 6: -160 crimes
Night 7: -151 crimes
The highest number of crimes is -11 on night 1.
Pratamesh:
Night 1: 16 crimes
Night 2: 103 crimes
Night 3: 169 crimes
Night 4: 215 crimes
Night 5: 242 crimes
Night 6: 249 crimes
Night 7: 236 crimes
The highest number of crimes is 249 on night 6.
Luke:
Night 1: -7 crimes
Night 2: -109 crimes
Night 3: -176 crimes
Night 4: -206 crimes
Night 5: -201 crimes
Night 6: -161 crimes
Night 7: -85 crimes
The highest number of crimes is -7 on night 1.
Braden:
Night 1: -7 crimes
Night 2: -103 crimes
Night 3: -173 crimes
Night 4: -217 crimes
Night 5: -234 crimes
Night 6: -226 crimes
Night 7: -191 crimes
The highest number of crimes is -7 on night 1.
Khang:
Night 1: 9 crimes
Night 2: 79 crimes
Night 3: 127 crimes
Night 4: 152 crimes
Night 5: 154 crimes
Night 6: 133 crimes
Night 7: 88 crimes
The highest number of crimes is 154 on night 5.
Jadey:
Night 1: -8 crimes
Night 2: -175 crimes
Night 3: -278 crimes
Night 4: -315 crimes
Night 5: -286 crimes
Night 6: -192 crimes
Night 7: -33 crimes
The highest number of crimes is -8 on night 1.
James:
Night 1: -5 crimes
Night 2: -42 crimes
Night 3: -71 crimes
Night 4: -92 crimes
Night 5: -106 crimes
Night 6: -113 crimes
Night 7: -112 crimes
The highest number of crimes is -5 on night 1.
Troy:
Night 1: 2 crimes
Night 2: 44 crimes
Night 3: 71 crimes
Night 4: 81 crimes
Night 5: 76 crimes
Night 6: 56 crimes
Night 7: 20 crimes
The highest number of crimes is 81 on night 4.
Aiden:
Night 1: -4 crimes
Night 2: -151 crimes
Night 3: -245 crimes
Night 4: -286 crimes
Night 5: -274 crimes
Night 6: -209 crimes
Night 7: -92 crimes
The highest number of crimes is -4 on night 1.
Anderson:
Night 1: -9 crimes
Night 2: -102 crimes
Night 3: -163 crimes
Night 4: -193 crimes
Night 5: -190 crimes
Night 6: -156 crimes
Night 7: -90 crimes
The highest number of crimes is -9 on night 1.
Henry:
Night 1: 4 crimes
Night 2: 121 crimes
Night 3: 206 crimes
Night 4: 259 crimes
Night 5: 279 crimes
Night 6: 266 crimes
Night 7: 221 crimes
The highest number of crimes is 279 on night 5.
Alexander:
Night 1: 13 crimes
Night 2: -180 crimes
Night 3: -299 crimes
Night 4: -342 crimes
Night 5: -311 crimes
Night 6: -205 crimes
Night 7: -24 crimes
The highest number of crimes is 13 on night 1.
Abhinav:
Night 1: -5 crimes
Night 2: -52 crimes
Night 3: -88 crimes
Night 4: -116 crimes
Night 5: -133 crimes
Night 6: -142 crimes
Night 7: -141 crimes
The highest number of crimes is -5 on night 1.
Nicoli:
Night 1: 26 crimes
Night 2: 104 crimes
Night 3: 163 crimes
Night 4: 204 crimes
Night 5: 226 crimes
Night 6: 229 crimes
Night 7: 214 crimes
The highest number of crimes is 229 on night 6.
Tyler:
Night 1: 1 crimes
Night 2: -67 crimes
Night 3: -112 crimes
Night 4: -134 crimes
Night 5: -132 crimes
Night 6: -108 crimes
Night 7: -61 crimes
The highest number of crimes is 1 on night 1.
Steven:
Night 1: 2 crimes
Night 2: -74 crimes
Night 3: -116 crimes
Night 4: -124 crimes
Night 5: -98 crimes
Night 6: -37 crimes
Night 7: 58 crimes
The highest number of crimes is 58 on night 7.
Bidipto:
Night 1: -10 crimes
Night 2: -115 crimes
Night 3: -180 crimes
Night 4: -204 crimes
Night 5: -188 crimes
Night 6: -131 crimes
Night 7: -34 crimes
The highest number of crimes is -10 on night 1.
Soren:
Night 1: 8 crimes
Night 2: 116 crimes
Night 3: 180 crimes
Night 4: 199 crimes
Night 5: 174 crimes
Night 6: 104 crimes
Night 7: -11 crimes
The highest number of crimes is 199 on night 4.
Huy:
Night 1: 6 crimes
Night 2: -119 crimes
Night 3: -192 crimes
Night 4: -215 crimes
Night 5: -186 crimes
Night 6: -107 crimes
Night 7: 22 crimes
The highest number of crimes is 22 on night 7.
Thanh:
Night 1: 2 crimes
Night 2: 137 crimes
Night 3: 236 crimes
Night 4: 297 crimes
Night 5: 321 crimes
Night 6: 309 crimes
Night 7: 259 crimes
The highest number of crimes is 321 on night 5.
Maxine:
Night 1: 1 crimes
Night 2: -123 crimes
Night 3: -186 crimes
Night 4: -189 crimes
Night 5: -130 crimes
Night 6: -10 crimes
Night 7: 171 crimes
The highest number of crimes is 171 on night 7.
Joseph:
Night 1: -2 crimes
Night 2: -66 crimes
Night 3: -74 crimes
Night 4: -24 crimes
Night 5: 84 crimes
Night 6: 249 crimes
Night 7: 471 crimes
The highest number of crimes is 471 on night 7.
Yashwanth:
Night 1: -5 crimes
Night 2: 127 crimes
Night 3: 209 crimes
Night 4: 241 crimes
Night 5: 224 crimes
Night 6: 157 crimes
Night 7: 40 crimes
The highest number of crimes is 241 on night 4.
Ethan:
Night 1: 20 crimes
Night 2: -151 crimes
Night 3: -251 crimes
Night 4: -281 crimes
Night 5: -240 crimes
Night 6: -130 crimes
Night 7: 51 crimes
The highest number of crimes is 51 on night 7.
Adam:
Night 1: -3 crimes
Night 2: 101 crimes
Night 3: 149 crimes
Night 4: 139 crimes
Night 5: 72 crimes
Night 6: -52 crimes
Night 7: -234 crimes
The highest number of crimes is 149 on night 3.
Kayla:
Night 1: 11 crimes
Night 2: -219 crimes
Night 3: -368 crimes
Night 4: -437 crimes
Night 5: -425 crimes
Night 6: -333 crimes
Night 7: -160 crimes
The highest number of crimes is 11 on night 1.
Ryder:
Night 1: -7 crimes
Night 2: 121 crimes
Night 3: 185 crimes
Night 4: 183 crimes
Night 5: 117 crimes
Night 6: -13 crimes
Night 7: -209 crimes
The highest number of crimes is 185 on night 3.
Stacey:
Night 1: -5 crimes
Night 2: -86 crimes
Night 3: -139 crimes
Night 4: -162 crimes
Night 5: -156 crimes
Night 6: -120 crimes
Night 7: -56 crimes
The highest number of crimes is -5 on night 1.
Jared:
Night 1: 4 crimes
Night 2: 127 crimes
Night 3: 207 crimes
Night 4: 247 crimes
Night 5: 244 crimes
Night 6: 199 crimes
Night 7: 113 crimes
The highest number of crimes is 247 on night 4.
Yoshitaka:
Night 1: -6 crimes
Night 2: -146 crimes
Night 3: -239 crimes
Night 4: -285 crimes
Night 5: -285 crimes
Night 6: -237 crimes
Night 7: -142 crimes
The highest number of crimes is -6 on night 1.
Brandon:
Night 1: 9 crimes
Night 2: 116 crimes
Night 3: 190 crimes
Night 4: 232 crimes
Night 5: 241 crimes
Night 6: 218 crimes
Night 7: 162 crimes
The highest number of crimes is 241 on night 5.
Pratamesh:
Night 1: 4 crimes
Night 2: -168 crimes
Night 3: -261 crimes
Night 4: -274 crimes
Night 5: -209 crimes
Night 6: -65 crimes
Night 7: 158 crimes
The highest number of crimes is 158 on night 7.
Luke:
Night 1: 0 crimes
Night 2: 106 crimes
Night 3: 173 crimes
Night 4: 200 crimes
Night 5: 188 crimes
Night 6: 137 crimes
Night 7: 46 crimes
The highest number of crimes is 200 on night 4.
Braden:
Night 1: -2 crimes
Night 2: -158 crimes
Night 3: -258 crimes
Night 4: -302 crimes
Night 5: -290 crimes
Night 6: -222 crimes
Night 7: -97 crimes
The highest number of crimes is -2 on night 1.
Khang:
Night 1: -3 crimes
Night 2: -73 crimes
Night 3: -129 crimes
Night 4: -171 crimes
Night 5: -200 crimes
Night 6: -214 crimes
Night 7: -215 crimes
The highest number of crimes is -3 on night 1.
Jadey:
Night 1: 4 crimes
Night 2: 132 crimes
Night 3: 210 crimes
Night 4: 236 crimes
Night 5: 211 crimes
Night 6: 134 crimes
Night 7: 7 crimes
The highest number of crimes is 236 on night 4.
James:
Night 1: -9 crimes
Night 2: -113 crimes
Night 3: -194 crimes
Night 4: -254 crimes
Night 5: -293 crimes
Night 6: -310 crimes
Night 7: -305 crimes
The highest number of crimes is -9 on night 1.