31.189
79.760
76.848
82.221
70.641
15.645
38.694
34.043
61.081
64.697
86.592
56.255
33.943
50.733
49.024
72.926
56.422
85.453
63.063
45.919
20.176
46.867
89.203
50.135
49.070
89.591
39.326
49.531
82.778
8.947
37.576
23.627
2.707
46.241
82.893
89.096
60.916
14.425
43.127
34.275
60.801
84.208
54.222
66.999
44.613
84.445
54.628
66.399
31.218
38.678
88.330
60.634
89.602
73.389
46.733
54.922
34.630
53.026
80.660
6.095
57.287
67.177
80.745
11.790
69.292
21.037
83.262
59.535
62.526
34.640
34.256
57.624
70.892
80.341
43.529
74.391
41.718
56.115
13.167
48.892
46.401
67.468
7.593
80.361
60.082
72.479
13.842
79.396
56.408
11.379
39.770
70.424
74.673
76.447
0.891
86.188
64.699
34.843
83.957
71.157