-667459849
-490251503
-1315522783
-104386013
1219513039
-971227771
-33324869
-364159897
-1034000877
398028229
538638691
2062026989
678398433
1835189459
-1510651591
1902649227
1275565791
-1459857687
-1485092777
-43665691
-1141915895
1453924213
194970593
-1866072561
-725857569
178660583
1727843339
-346801797
1236379775
-984530439
-1073536097
393679537
-1396889957
172381799
-1047137173
1631428589
-235113867
130328185
-1658918381
1314061129
-683566247
-1033900899
-1852279257
-198878851
-1743041413
-1315381787
-945030953
1246420165
-25287681
1087857249