BXDXF
JQPLUNXCNMAZEOSFXFBMP
IWILO
VKYMGPOYN
GRYNBFSOWM
LLBWUDLLSXOATDH
MFZEQKYA
OUSNCAYUAMDTJBYKBBKW
TMF
YMIVYHNSGMJPWKAFPL
TFOQUIMKAKRUMUG
WMCWNRWZZLKWLAOTSGL
ORGCHUPRXDXWPHG
NLZGPOHHAYPRKSW
U
HSQDIMZKVLOQWOVJOW
WAFRJROLKFHM
MCQFCPRCP
VPXQGAA
LGZYBRCPZWJSZMYG
IKYDSWMLORBPEMOEWR
POSLUN
ARKIQSUEODFO
UKQF
ITTPDF
FVAQXEQKRTFFBITDFCJH
QPV
MMFBCIHU
DGGEAUDUBQWFBYRTKWWNF
JAJPRMGV
QPCLNDFSB
TGQKGCINGIKSRPFMLKXER
QZFBX
TVMXZOHFOJVIZ
TRMIHF
MNI
WPKSKQYIDY
OCWETEOE
VKSPUNYLLUHQQPLN
X
AZTCOLGWB
MCZYPYVNQHHU
NDLZTX
HKINGGQ
QWDNELGSTUZSHK
RRTEHFJDHY
LMDRGDHZCNSKGGHMDT
ICOALTFZFXGMDABRCO
JC
IHLOHE
HOMIUKHRL
WRYXEXQPJSYQMXLLNLC
GDXUDK
RETMHKIMZMPYBPVTON
LBCAZKLSQ

CVRBTQ
BPFMRHFFBBNYUDURYW
ERMTJZPDOWIWANFMOYUCX
COVHVGPW
EJ
JG
AKQBWEUCFGEWB
KEURQ
ISCJDXFUTQZASW
YETJGVSIZLEXRIIMXH
VXDQNFUCWDSHIOLSIJIJ
HLKCLKZAWCSFOKQWCEEHED
LZGQQECTRODO
VYRQU
IVNTNPPGOZQWDCLZTVJLDJKXP
RLCNODSIIROGW
QWADLJIQQJLXUQD
TKQHH
HPZF
LJHGWXVVVDWGZWSGCR
YDZKFNIFZDXUCZ
MFLDFFXMP
ZMCUX
BXGYVF
VLB
ODQWRQNMOX
DUXEHDBUIQAPDCM
RSNIUMI
OICPEFJHMERVUR
UJLOVVOHKAFYWPZSFLR
CMBBARQOUKDT
TKKFMCETCQLIE
TLGEOIUFLQLBNZMECK
SWUVEEMFBFJXSXBUTKTLYIXITEBRBCS
FJH
YWTSIXYRWUTNLK
HEGHVCQ
RFWHVBGEOWKQOIE
VHYLZUOQXKTZN
ZJCEKXXEWYHHNMN
OLUVCYBH
XKG
AYTBOWUIZOCYS
ECDNWDVVS