566159279058.5695000000
778938710262.5479000000
946352967429.7863000000
241030538956.8245200000
1260027451971.0205000000
690299933551.5481000000
196526606163.4064600000
1953886645.4249868000
874369248741.2825000000
138836640490.4944800000
700528234701.2518000000
1794625585000.0144000000
1077206963826.7335000000
241113085553.5539000000
393954465596.5056000000
602684425002.1646000000
701452813623.3442000000
1101285223135.7336000000
1304769294241.9485000000
313122545347.1069000000
1115553759967.2756000000
1001458588080.7626000000
1405077288397.7007000000
421184188264.1064500000
1811613954578.8433000000
1847287260534.0046000000
309355328143.2267500000
875271266400.8458000000
123139641746.0524600000
378334371561.9175000000
19517439826.9551930000
2167826156780.2075000000
1196235400131.4758000000
1637572260680.1600000000
1186347376734.5566000000
222491323817.0267300000
403339979373.8238500000
499476545306.7727000000
1902183151203.3987000000
1025031881917.0032000000
803958861557.2357000000
373641199480.0351600000
739755739057.8933000000
1067814658290.1088000000
1453589998671.0981000000
615523260153.3796000000
139265750952.4065200000
2070585154158.4875000000
194082121410.7307000000
1746835142752.0950000000
2615227246.4647520000
831219284301.8542000000
1705916059734.4670000000
850707327257.1058000000
2039596430465.5571000000
1241274109957.5493000000
1879828994764.7670000000
1674802607890.7534000000
1821180998109.0994000000
1243047646894.2190000000
1408332545481.9390000000
266058616306.0205700000
1181265587258.1240000000
2055810964325.9211000000
2047370188001.8816000000
1883456625978.7412000000
676450542086.5315000000
1387074940423.4497000000
786551224521.5233000000
606888444712.5511000000
1770644276016.7986000000
1063870313988.8574000000
941806226880.8497000000
1190805428076.0696000000
1762166459776.7766000000
1273957496389.8530000000
1931044263742.2043000000
580633635687.0908000000
1767146676233.3855000000
1805322608139.4617000000
1614847578194.3150000000
1333369184890.4210000000
2082383147153.0415000000
1351336387653.3086000000
1714683617754.0146000000
1316844826535.1497000000
957293119299.6221000000
863598339402.8464000000
543815405217.2426000000
191655641476.1550600000
1251081565565.2173000000
87905201494.1272300000
1187942871830.0570000000
659607371856.6405000000
1207400403985.3480000000
1226911901382.7153000000
1553566426630.7913000000
612449444014.5487000000
986157141268.9142000000
928902701425.9170000000
370462120620.7231000000
952545648644.0090000000
1172735884654.5254000000
1187352758071.1804000000
1512568549862.7590000000
1856777057271.2340000000
29788974723.8324130000
340543729094.2901600000
968559453781.0723000000
732672754414.4186000000
1178084544792.2090000000
403143514380.2666000000
1744578017917.7970000000
1195829764872.8225000000
361119764574.7830000000
2043541009893.5037000000
1081089648067.0508000000
1358703942355.7256000000
223973556031.8009000000
1399215531480.9636000000
647124562022.1864000000
1216131537628.6511000000
1097564513675.5547000000
691080110781.9885000000
2116547974034.1553000000
1577512921202.3823000000
981149287492.8396000000
660437300878.3799000000
673539862832.5547000000
1679930687465.5300000000
484616905558.5436400000
533543891095.7384000000
1286201734765.6790000000
1033383732069.6497000000
1423653543811.1548000000
1049744481910.2114000000
128154206691.8970300000
904257130380.1631000000
1459444320721.1692000000
649985962881.3740000000
1160689463470.9558000000
1997948758283.2410000000
879219999024.3597000000
1867512122320.3723000000
1816627998872.0457000000
2035155238282.3079000000
1615176003175.2495000000
90616490868.1863700000
214094752869.9683200000
475462861669.3050500000
1796517220591.1072000000
27879916734.3396300000
1370523256874.2512000000
58548258641.7956700000
1345054463860.9124000000
602110977045.0287000000
1815205500841.0764000000
898196876234.2163000000
1731854806692.5571000000
833360377149.7257000000
155036709992.1441700000
209356767134.6521000000
1255384488759.2670000000
1057786377538.8994000000
1874125834631.1040000000
231309729844.1058300000
1100826759423.2048000000
827415625447.4015000000
449961356292.6217700000
806279238989.3851000000
97336207894.5140200000
1176312322454.4336000000
1051749014238.6970000000
1594791253049.9883000000
1101438590873.4617000000
1320346999225.4246000000
634000478582.1633000000
2045900773333.9120000000
858211388914.3784000000
820114096733.3586000000
2094015350375.0083000000
1624281036424.0530000000
204765643651.2570200000
122362994858.2083100000
743446574209.3816000000
614355503881.8817000000
1687858033785.4100000000
903439929006.0856000000
1392506264501.4970000000
1989854657546.4475000000
1113020508784.1406000000
1482356667221.0142000000
1308619617358.9885000000
1679229662813.1118000000
2169518520385.0518000000
379200593897.6570000000
931191214121.9376000000
375991692905.4823600000
1491365393474.1047000000
664857009647.3148000000
1187553692078.0425000000
358532174689.7552500000
1634305705198.2043000000
1737774285348.4177000000
1698558410344.3037000000
880611817288.4636000000
306767218593.9622000000
247538144722.1486800000
189766926169.9309400000
1302888056375.0735000000
122009332458.0705100000
1819670904101.7160000000
2048611865229.9905000000
1636960247767.2866000000
891316461357.5455000000
1072224754090.6072000000
2119305135233.3071000000
1403553129139.1807000000
393222821242.7101000000
1528341130697.0930000000
1840683376942.4453000000
1507125068226.2850000000
1809131924508.2163000000
1160838043772.1763000000
1602268179154.9550000000
1461118010875.9240000000
1556185313767.9070000000
2134248032237.4258000000
1586108425636.2969000000
1462169811121.8738000000
1752746558683.0486000000
1873211174221.0870000000
1107929986858.0232000000
2111911094219.8152000000
506444028831.4843000000
29197184234.9186550000
1056132085493.7968000000
240990078126.5970200000
57453613274.5538500000
1827922593792.9970000000
455333211607.7955300000
1606088085133.6284000000
815206331787.5237000000
899919704117.6748000000
1646978068936.2798000000
13699796628.2032600000
1732752756249.9404000000
1525633610727.9236000000
2074035790616.0327000000
282873278722.5065000000
694540378678.8295000000
1478607214333.0957000000
1590413829373.8303000000
896418782047.2428000000
1541877800729.0880000000
1205325537560.5464000000
352632741137.7497600000
1316361510863.7250000000
538612576523.5199000000
254472355695.7586700000
419239376600.2126000000
1403156259962.5398000000
964135334813.6722000000
159290818416.7415500000
1056535274728.1099000000
1455026856271.8755000000
1356432286617.0830000000
1688394872374.0210000000
1943072156459.1973000000
938967281918.0258000000
1340007409485.1694000000
166553915501.7837000000
567200833134.4738000000
541035233783.1671000000
2098036542796.2324000000
257547848529.5540800000
394108829089.4748500000
196277574881.9092400000
1066284347328.6182000000
1381557697467.0464000000
1541035280805.4443000000
1802012876193.7522000000
925260761739.4669000000
464512990051.6665000000
1224057069068.1750000000
1646083461999.1863000000
1854939731062.8083000000
1072714265672.4055000000
1007452705105.9501000000
2165338422534.2460000000
1945602463765.5835000000
2056718717933.2660000000
1081953640328.3505000000
645629294086.6693000000
1871520735379.8767000000
1833312238481.9424000000
1042981227223.2625000000
530803618458.0957000000
415808724105.6427000000
808402565571.4452000000
184135174145.2707500000
9893814320.5947150000
1293047713465.2456000000
286604545805.5153000000
1813612242232.2515000000
2091835362714.0552000000
48771085101.2045750000
421552616328.9031400000
482185487924.3971600000
343637061114.2214400000
680672224335.6179000000
1156970885949.5042000000
719865859917.7115000000
1667483837057.6973000000
1962704478322.2847000000
2171500216858.0134000000
971865887651.4551000000
1082440491858.7908000000
1714877403248.7717000000
405238280789.8658400000
1648319365606.5393000000
549471548980.0775000000
1270399338028.4983000000
304403115178.2605000000
1361261062499.2761000000
1884456259786.2017000000
1171200870034.7522000000
1963536248517.1520000000
1989516027411.4697000000
1016817856147.4001000000
823405306188.1869000000
2080997060887.8196000000
89788027066.1588400000
46492673363.3697200000
1732860749561.0070000000
1637887707027.8900000000
743577679227.5903000000
590590545013.6459000000
1007844032105.8370000000
1970092417798.4265000000
664552512920.1017000000
443014754267.2069000000
1599113336868.7024000000
1088684938972.8331000000
2076598554724.5422000000
1530904366028.2612000000
334484104986.7721000000
1847101981276.2560000000
924866841999.4290000000
1762335338429.1533000000
484572321255.8907500000
1756126504643.1992000000
1616376657391.2551000000
638429316008.0527000000
429122239904.0075000000
983507984178.3998000000
2090162509318.5034000000
11445539708.6396100000
872600291272.2661000000
911434305219.2721000000
1895547347016.1543000000
2112265250967.9780000000
2145887490715.8882000000
65166750388.2323150000
1066432003747.6769000000
813734206527.8156000000
892024555002.2051000000
204571405427.9034400000
564550380073.4789000000
492708295313.9071000000
1032450720994.1724000000
1202792136922.8325000000
402843541286.1821000000
739379117387.9615000000
616687209771.9300000000
1105154347365.7468000000
280781507174.7774000000
1533903149286.7993000000
1565118630685.0005000000
1225560137929.3582000000
1051588245843.2991000000
475351409267.2854600000
1338654471237.8738000000
1403224070093.8862000000
1530752947769.3486000000
1132704042779.3770000000
778620078602.3594000000
126172186568.8327300000
200517371136.6766400000
1748293513161.9600000000
378257485988.2849000000
1811475057306.9219000000
1096575823847.7471000000
723712767992.2386000000
656658549168.8960000000
344810805528.1775000000
496639500381.5131000000
1314212179255.9854000000
240272444549.5891400000
1109788381547.3835000000
697896723031.1201000000
5352073760.6573030000
1300826287791.9026000000
301868671336.9211400000
943600478439.0308000000
1476748763135.0786000000
2032247830982.2002000000
1234096085671.9639000000
2172170781739.4524000000
20100616566.0153700000
1345926298112.8380000000
2002937319074.7300000000
333543885825.1282300000
235540271007.9462000000
1700291949808.4536000000
282861379704.1144400000
851949282476.9526000000
1273716912539.9841000000
1585088656800.6074000000
1612943220130.5040000000
919324819906.8811000000
1056792873971.3159000000
676304950785.9731000000
1575314041855.1255000000
980299991841.9945000000
1852142783980.1555000000
636965680067.7870000000
1309766619748.5520000000
386518105649.0357000000
1828126858794.6580000000
1605820444293.2466000000
1407709876459.8665000000
83036090579.7704200000
1989841851268.2495000000
2043857993822.6628000000
1296301174183.0513000000
1255777847644.8042000000
120781284365.2714700000
632609170384.8878000000
965645006169.0690000000
1768127630048.2300000000
141846818545.4012500000
1638121882488.1401000000
107066305166.7456700000
1456064150815.7000000000
746438737625.6992000000
992769963736.8274000000
831753384614.5972000000
1124425458627.6558000000
61338980334.9073500000
757010444.4207618000
1656518555075.8452000000
1647806698042.7530000000
980918789886.7128000000
2024654223217.5913000000
1192781151491.5842000000
1091335449166.4208000000
797154570822.5806000000
279238727501.6650400000
551440109371.4836000000
1342041728280.6233000000
2113800800807.8410000000
1928338807180.7866000000
522038637890.2060000000
1412580916658.1340000000
1283538771872.8710000000
1266976926367.8567000000
804878138978.0845000000
1729107703946.6768000000
325542105927.1477700000
461089116317.4827000000
1433488731994.2627000000
794855568012.6873000000
658964572530.0234000000
280844453097.9169300000
1426681363686.0344000000
1072295249484.1521000000
153610476645.0266400000
963284320030.4495000000
941066408743.2239000000
520312482857.6260000000
2030015363340.3574000000
2149889167621.7150000000
782411567899.1560000000
2109101511414.1780000000
127457157296.1265900000
1364148430456.2690000000
306945771331.6084000000
547330947154.0028700000
113224542974.0726600000
1560678641100.1099000000
493815978970.1844000000
609044089497.5284000000
1179870307605.0900000000
2005441833075.4670000000
1301461812745.4138000000
1842135225216.2185000000
506447922081.7457000000
659067282708.6869000000
2025588830552.5667000000
318624492828.7727700000
61279541008.8673400000
2079182623639.2780000000
1760563663217.0590000000
2043569902512.5374000000
1406976530598.5220000000
1187511684985.0884000000
1886937356290.0030000000
1332692924124.5188000000
828121132551.7537000000
1915956379635.3100000000
1162866282937.2852000000
1372191810037.0117000000
602486599687.9052000000
352554032892.0892300000
1849649119583.9553000000
1912018888096.1719000000
79513204679.2194800000
1741222562904.6301000000
2086145404069.6450000000
115069055894.7660700000
173340393101.7606500000
1181298499336.6348000000
558945596524.5238000000
1197601968935.7302000000
1620143222015.0103000000
282784833490.4197400000
1911772700610.0896000000
1319936989119.8245000000
1610464713739.4187000000
1537340465356.2397000000
625735887321.3016000000
1722886721414.1367000000
454663241464.8208600000
793254167446.6101000000
183180399155.2494000000
1453003442614.8252000000
1882327599827.3890000000
902700522469.1564000000
721561229802.7456000000
245014891400.0823400000
1528795922371.8096000000
30946109104.0505450000
413125989883.4844400000
1586472427914.4534000000
2095265281391.2473000000
1134253247095.6843000000
222466035958.8561000000
1569073481344.4077000000
692453459887.9258000000
636723313911.4012000000
1895484862966.8490000000
80743038880.2595200000
733571115145.1713000000
2057741762205.2122000000
1584598343531.4768000000
2051100838217.2048000000
1307789412988.3110000000
1442184892770.3613000000
504846991468.1513700000
1291540479746.6323000000
814085897837.2974000000
114493729705.4790800000
509227345147.8579000000
2038086998429.2896000000
1081830800650.0948000000
2083105054770.6560000000
2059327215787.6204000000
78615542118.3286400000
1275359401074.1960000000
