29
52
153
298
101
7
113
198
167
112
Nowhere left to go-pher.
38
73
186
136
350
158
155
102
186
378
61
147
378
79
371
63
168
18
24
Nowhere left to go-pher.
196
87
165
203
121
297
50
274
292
70
53
126
65
141
37
262
427
160
154
151
184
603
85
Nowhere left to go-pher.
331
182
197
319
Nowhere left to go-pher.
43
Nowhere left to go-pher.
41
136
65
232
45
90
143
281
25
19
479
178
64
155
93
167
75
44
114
286
492
421
191
212
133
70
91
268
288
123
86
39
157
411
181
53
352
Nowhere left to go-pher.
65
270
183
218
Nowhere left to go-pher.
187
31
543
55
68
478
174
291
102
438
207
285
70
285
367
66
Nowhere left to go-pher.
495
449
32
213
214
38
442
177
232
123
442
162
197
114
179
336
136
142
221
188
Nowhere left to go-pher.
74
121
123
231
17
66
280
123
Nowhere left to go-pher.
456
107
156
134
247
136
275
Nowhere left to go-pher.
150
50
178
36
275
165
376
195
54
438
88
451
204
73
173
288
145
225
93
422
304
