7 1
7 6
8 9
8 3
11 18
6 4
9 11
11 2
9 41
5 3
7 4
4 2
Not Connected.
7 4
6 5
8 2
6 1
6 1
6 4
7 1
5 2
6 18
7 9
10 2
Not Connected.
5 1
6 1
9 2
8 1
6 1
9 72
6 2
7 1
8 2
7 3
6 7
7 1
4 1
5 1
4 1
8 4
7 9
6 5
8 22
7 11
5 3
6 1
6 4
10 1
5 1
6 1
7 2
6 3
6 7
Not Connected.
4 1
4 2
5 3
6 1
3 1
6 1
Not Connected.
6 2
7 5
5 2
6 4
8 2
7 3
10 9
6 11
7 8
6 2
4 1
5 1
Not Connected.
12 10
5 4
4 2
8 1
7 4
10 2
5 2
5 1
5 2
7 1
7 2
5 2
6 1
7 1
5 3
6 1
5 1
4 1
7 2
4 1
Not Connected.
10 4
Not Connected.
10 2
6 1
5 2
9 7
5 1
7 4
7 4
Not Connected.
5 1
7 6
8 6
2 1
8 3
9 8
5 3
8 3
6 1
7 3
6 6
6 2
6 1
4 1
6 2
6 4
7 1
7 12
6 2
7 3
4 1
6 1
6 2
9 16
7 20
5 1
4 3
7 7
9 4
7 2
8 15
8 9
4 2
8 1
5 7
Not Connected.
Not Connected.
5 1
7 1
5 3
Not Connected.
6 3
5 1
7 17
14 13
8 6
6 2
8 4
Not Connected.
7 1
6 2
7 5
8 8
3 1
7 7
Not Connected.
6 4
2 1
6 9
7 3
8 2
6 1
7 1
Not Connected.
5 6
9 2
6 4
10 3
5 1
Not Connected.
5 1
9 7
5 8
6 7
Not Connected.
7 8
3 1
9 4
4 1
7 3
6 48
Not Connected.
7 10
8 2
8 14
5 4
8 2
11 3
Not Connected.
6 9
5 1
5 2
Not Connected.
5 2
6 2
4 3
13 3
9 4
8 2
5 1
6 6
4 1
4 3
6 6
4 1
6 3
10 1
8 4
2 1
6 2
8 2
11 1
5 1
6 7
Not Connected.
8 5
5 2
6 2
6 3
6 2
6 4
6 8
8 8
10 5
6 2
6 6
7 2
8 7
Not Connected.
7 1
5 1
6 2
Not Connected.
Not Connected.
7 2
7 15
5 2
Not Connected.
6 2
5 4
8 5
6 10
7 11
6 15
11 3
12 9
5 4
6 1
Not Connected.
6 12
7 1
8 12
8 2
6 3
7 12
3 1
Not Connected.
7 1
10 5
6 2
5 1
6 14
6 4
9 4
10 5
7 1
Not Connected.
5 1
7 1
7 3
6 2
6 1
6 1
Not Connected.
Not Connected.
6 8
6 6
6 14
6 2
5 4
6 7
6 14
6 11
Not Connected.
7 1
6 1
10 6
Not Connected.
7 1
7 2
6 12
7 4
11 2
Not Connected.
