712730016
593469513
60797284
714402773
482173181
519612863
92539581
27367156
943531186
483599162
210847636
563157697
409265195
555049114
207240018
490617864
295210657
731712753
587490798
255118617
808251453
813481058
819264430
847385555
801431241
591215075
435868689
729071229
714410440
197122062
256564912
327015701
57434765
544009284
318731828
756751828
572488695
493662848
333838181
787648798
979726171
507347678
978987586
625700970
920870598
934313849
407412970
785198061
299399705
704835373
458930625
952380970
332198261
87526105
989830878
303116449
984395533
775856632
85147944
147245795
66648893
194367172
624584887
401733431
577832537
728227911
580484340
343088231
939346944
15192781
414313487
274974818
463241420
362441950
407467035
699387529
769992209
210071599
654954208
556256187
619214937
371943414
561380350
408645725
748097384
618309944
438072931
816030762
208768644
94736967
279812703
16053987
350087790
711435304
298874890
702167694
726195228
599839373
977240618
645217999
590320590
148785925
848214970
270843961
792481987
397958687
732378763
495173156
842840855
546985236
669503820
572383785
512830931
701997731
138865610
448736501
937167784
488411455
806327329
244727931
78012014
902994054
253990651
598467191
984614088
945604934
917654717
559952495
911282483
281494578
333949472
880544512
138069563
681570987
648252124
772722089
551197345
629859439
96631645
982507
641519012
542090433
727308935
300765721
812799609
569823294
294732067
420907265
255832969
500044071
16487952
891603231
998218481
896917746
784412280
470119403
300567839
404816129
693922234
159929961
349546188
628770279
796231839
334417808
403649982
907422328
408109249
39300812
137453636
